#
# There is insufficient memory for the Java Runtime Environment to continue.
# Native memory allocation (mmap) failed to map 65536 bytes for Failed to commit metaspace.
# Possible reasons:
#   The system is out of physical RAM or swap space
#   The process is running with CompressedOops enabled, and the Java Heap may be blocking the growth of the native heap
# Possible solutions:
#   Reduce memory load on the system
#   Increase physical memory or swap space
#   Check if swap backing store is full
#   Decrease Java heap size (-Xmx/-Xms)
#   Decrease number of Java threads
#   Decrease Java thread stack sizes (-Xss)
#   Set larger code cache with -XX:ReservedCodeCacheSize=
#   JVM is running with Unscaled Compressed Oops mode in which the Java heap is
#     placed in the first 4GB address space. The Java Heap base address is the
#     maximum limit for the native heap growth. Please use -XX:HeapBaseMinAddress
#     to set the Java Heap base and to place the Java Heap above 4GB virtual address.
# This output file may be truncated or incomplete.
#
#  Out of Memory Error (virtualSpaceNode.cpp:110), pid=17832, tid=8700
#
# JRE version: OpenJDK Runtime Environment Temurin-17.0.3+7 (17.0.3+7) (build 17.0.3+7)
# Java VM: OpenJDK 64-Bit Server VM Temurin-17.0.3+7 (17.0.3+7, mixed mode, tiered, compressed oops, compressed class ptrs, parallel gc, windows-amd64)
# No core dump will be written. Minidumps are not enabled by default on client versions of Windows
#

---------------  S U M M A R Y ------------

Command Line: --add-modules=ALL-SYSTEM --add-opens=java.base/java.util=ALL-UNNAMED --add-opens=java.base/java.lang=ALL-UNNAMED --add-opens=java.base/sun.nio.fs=ALL-UNNAMED -Declipse.application=org.eclipse.jdt.ls.core.id1 -Dosgi.bundles.defaultStartLevel=4 -Declipse.product=org.eclipse.jdt.ls.core.product -Djava.import.generatesMetadataFilesAtProjectRoot=false -Dfile.encoding=utf8 -DwatchParentProcess=false -XX:+UseParallelGC -XX:GCTimeRatio=4 -XX:AdaptiveSizePolicyWeight=90 -Dsun.zip.disableMemoryMapping=true -Xmx1G -Xms100m -javaagent:C:\Users\Usuario\.m2\repository\org\projectlombok\lombok\1.18.24\lombok-1.18.24.jar c:\Users\Usuario\.vscode\extensions\redhat.java-1.8.0-win32-x64\server\plugins\org.eclipse.equinox.launcher_1.6.400.v20210924-0641.jar -configuration c:\Users\Usuario\AppData\Roaming\Code\User\globalStorage\redhat.java\1.8.0\config_ss_win -data c:\Users\Usuario\AppData\Roaming\Code\User\workspaceStorage\108a0bc668e69c4eb26eeac820f5b77e\redhat.java\ss_ws

Host: Intel(R) Core(TM) i5-4200M CPU @ 2.50GHz, 4 cores, 11G,  Windows 10 , 64 bit Build 19041 (10.0.19041.1741)
Time: Thu Jul  7 18:56:14 2022 Hora estándar de Argentina elapsed time: 3.545412 seconds (0d 0h 0m 3s)

---------------  T H R E A D  ---------------

Current thread (0x00000197bf364300):  JavaThread "Start Level: Equinox Container: 47e3de14-371b-453e-b0e8-b925e9a7db00" daemon [_thread_in_vm, id=8700, stack(0x0000004b22500000,0x0000004b22600000)]

Stack: [0x0000004b22500000,0x0000004b22600000]
Native frames: (J=compiled Java code, j=interpreted, Vv=VM code, C=native code)
V  [jvm.dll+0x675efa]
V  [jvm.dll+0x830a24]
V  [jvm.dll+0x8321ce]
V  [jvm.dll+0x832833]
V  [jvm.dll+0x2454b5]
V  [jvm.dll+0x82c9cb]
V  [jvm.dll+0x61ab26]
V  [jvm.dll+0x61ab8a]
V  [jvm.dll+0x61d3aa]
V  [jvm.dll+0x61b4c6]
V  [jvm.dll+0x625317]
V  [jvm.dll+0x1ea19b]
V  [jvm.dll+0x1ea6d5]
V  [jvm.dll+0x1eb10f]
V  [jvm.dll+0x1e05b1]
V  [jvm.dll+0x53bb80]
V  [jvm.dll+0x1f0da7]
V  [jvm.dll+0x7aae5b]
V  [jvm.dll+0x7ac202]
V  [jvm.dll+0x7ac538]
V  [jvm.dll+0x23d79e]
V  [jvm.dll+0x23d9ef]
V  [jvm.dll+0x559208]
V  [jvm.dll+0x55c070]
V  [jvm.dll+0x382dc7]
V  [jvm.dll+0x38241f]
C  0x00000197abaa9dcc

Java frames: (J=compiled Java code, j=interpreted, Vv=VM code)
j  com.sun.org.apache.xerces.internal.impl.XMLEntityScanner.skipDeclSpaces()Z+42 java.xml@17.0.3
j  com.sun.org.apache.xerces.internal.impl.XMLVersionDetector.determineDocVersion(Lcom/sun/org/apache/xerces/internal/xni/parser/XMLInputSource;)S+56 java.xml@17.0.3
j  com.sun.org.apache.xerces.internal.parsers.XML11Configuration.parse(Z)Z+43 java.xml@17.0.3
j  com.sun.org.apache.xerces.internal.parsers.XML11Configuration.parse(Lcom/sun/org/apache/xerces/internal/xni/parser/XMLInputSource;)V+30 java.xml@17.0.3
j  com.sun.org.apache.xerces.internal.parsers.XMLParser.parse(Lcom/sun/org/apache/xerces/internal/xni/parser/XMLInputSource;)V+76 java.xml@17.0.3
j  com.sun.org.apache.xerces.internal.parsers.AbstractSAXParser.parse(Lorg/xml/sax/InputSource;)V+44 java.xml@17.0.3
j  com.sun.org.apache.xerces.internal.jaxp.SAXParserImpl$JAXPSAXParser.parse(Lorg/xml/sax/InputSource;)V+53 java.xml@17.0.3
j  com.sun.org.apache.xerces.internal.jaxp.SAXParserImpl.parse(Lorg/xml/sax/InputSource;Lorg/xml/sax/helpers/DefaultHandler;)V+61 java.xml@17.0.3
j  javax.xml.parsers.SAXParser.parse(Ljava/io/InputStream;Lorg/xml/sax/helpers/DefaultHandler;)V+26 java.xml@17.0.3
j  org.apache.felix.scr.impl.BundleComponentActivator.loadDescriptor(Ljava/net/URL;)V+70
j  org.apache.felix.scr.impl.BundleComponentActivator.initialize(Ljava/util/List;)V+195
j  org.apache.felix.scr.impl.BundleComponentActivator.<init>(Lorg/apache/felix/scr/impl/logger/ScrLogger;Lorg/apache/felix/scr/impl/ComponentRegistry;Lorg/apache/felix/scr/impl/ComponentActorThread;Lorg/osgi/framework/BundleContext;Lorg/apache/felix/scr/impl/manager/ScrConfiguration;Ljava/util/List;)V+118
j  org.apache.felix.scr.impl.Activator.loadComponents(Lorg/osgi/framework/Bundle;)V+369
j  org.apache.felix.scr.impl.Activator.access$200(Lorg/apache/felix/scr/impl/Activator;Lorg/osgi/framework/Bundle;)V+2
j  org.apache.felix.scr.impl.Activator$ScrExtension.start()V+72
j  org.apache.felix.scr.impl.AbstractExtender.createExtension(Lorg/osgi/framework/Bundle;)V+71
j  org.apache.felix.scr.impl.AbstractExtender.modifiedBundle(Lorg/osgi/framework/Bundle;Lorg/osgi/framework/BundleEvent;Lorg/osgi/framework/Bundle;)V+115
j  org.apache.felix.scr.impl.AbstractExtender.addingBundle(Lorg/osgi/framework/Bundle;Lorg/osgi/framework/BundleEvent;)Lorg/osgi/framework/Bundle;+4
j  org.apache.felix.scr.impl.AbstractExtender.addingBundle(Lorg/osgi/framework/Bundle;Lorg/osgi/framework/BundleEvent;)Ljava/lang/Object;+3
j  org.osgi.util.tracker.BundleTracker$Tracked.customizerAdding(Lorg/osgi/framework/Bundle;Lorg/osgi/framework/BundleEvent;)Ljava/lang/Object;+9
j  org.osgi.util.tracker.BundleTracker$Tracked.customizerAdding(Ljava/lang/Object;Ljava/lang/Object;)Ljava/lang/Object;+9
j  org.osgi.util.tracker.AbstractTracked.trackAdding(Ljava/lang/Object;Ljava/lang/Object;)V+8
j  org.osgi.util.tracker.AbstractTracked.track(Ljava/lang/Object;Ljava/lang/Object;)V+83
j  org.osgi.util.tracker.BundleTracker$Tracked.bundleChanged(Lorg/osgi/framework/BundleEvent;)V+35
J 1483 c1 org.eclipse.osgi.internal.framework.BundleContextImpl.dispatchEvent(Ljava/lang/Object;Ljava/lang/Object;ILjava/lang/Object;)V (558 bytes) @ 0x00000197ac2e39c4 [0x00000197ac2e27a0+0x0000000000001224]
j  org.eclipse.osgi.framework.eventmgr.EventManager.dispatchEvent(Ljava/util/Set;Lorg/eclipse/osgi/framework/eventmgr/EventDispatcher;ILjava/lang/Object;)V+48
j  org.eclipse.osgi.framework.eventmgr.ListenerQueue.dispatchEventSynchronous(ILjava/lang/Object;)V+67
j  org.eclipse.osgi.internal.framework.EquinoxEventPublisher.publishBundleEventPrivileged(Lorg/osgi/framework/BundleEvent;)V+547
j  org.eclipse.osgi.internal.framework.EquinoxEventPublisher.publishBundleEvent(Lorg/osgi/framework/BundleEvent;)V+8
j  org.eclipse.osgi.internal.framework.EquinoxEventPublisher.publishBundleEvent(ILorg/osgi/framework/Bundle;Lorg/osgi/framework/Bundle;)V+15
j  org.eclipse.osgi.internal.framework.EquinoxContainerAdaptor.publishModuleEvent(Lorg/eclipse/osgi/container/ModuleContainerAdaptor$ModuleEvent;Lorg/eclipse/osgi/container/Module;Lorg/eclipse/osgi/container/Module;)V+29
j  org.eclipse.osgi.container.Module.publishEvent(Lorg/eclipse/osgi/container/ModuleContainerAdaptor$ModuleEvent;)V+13
j  org.eclipse.osgi.container.Module.start([Lorg/eclipse/osgi/container/Module$StartOptions;)V+588
j  org.eclipse.osgi.container.ModuleContainer$ContainerStartLevel$2.run()V+71
j  org.eclipse.osgi.internal.framework.EquinoxContainerAdaptor$1$1.execute(Ljava/lang/Runnable;)V+1
j  org.eclipse.osgi.container.ModuleContainer$ContainerStartLevel.incStartLevel(ILjava/util/List;Z)V+192
j  org.eclipse.osgi.container.ModuleContainer$ContainerStartLevel.incStartLevel(ILjava/util/List;Ljava/util/List;Ljava/util/List;Ljava/util/List;)V+4
j  org.eclipse.osgi.container.ModuleContainer$ContainerStartLevel.doContainerStartLevel(Lorg/eclipse/osgi/container/Module;I[Lorg/osgi/framework/FrameworkListener;)V+349
j  org.eclipse.osgi.container.ModuleContainer$ContainerStartLevel.dispatchEvent(Lorg/eclipse/osgi/container/Module;[Lorg/osgi/framework/FrameworkListener;ILjava/lang/Integer;)V+32
j  org.eclipse.osgi.container.ModuleContainer$ContainerStartLevel.dispatchEvent(Ljava/lang/Object;Ljava/lang/Object;ILjava/lang/Object;)V+15
j  org.eclipse.osgi.framework.eventmgr.EventManager.dispatchEvent(Ljava/util/Set;Lorg/eclipse/osgi/framework/eventmgr/EventDispatcher;ILjava/lang/Object;)V+48
j  org.eclipse.osgi.framework.eventmgr.EventManager$EventThread.run()V+26
v  ~StubRoutines::call_stub

---------------  P R O C E S S  ---------------

Threads class SMR info:
_java_thread_list=0x00000197c041a4d0, length=17, elements={
0x00000197a76144c0, 0x00000197bd36e740, 0x00000197bd36f5b0, 0x00000197bd37fca0,
0x00000197bd380b10, 0x00000197bd3847a0, 0x00000197bd3b1010, 0x00000197bd3b2c10,
0x00000197bd3b35c0, 0x00000197bed58010, 0x00000197bee44480, 0x00000197bf023580,
0x00000197bf20a560, 0x00000197bf5431a0, 0x00000197bf640990, 0x00000197bf364300,
0x00000197c048b740
}

Java Threads: ( => current thread )
  0x00000197a76144c0 JavaThread "main" [_thread_blocked, id=17524, stack(0x0000004b21000000,0x0000004b21100000)]
  0x00000197bd36e740 JavaThread "Reference Handler" daemon [_thread_blocked, id=2840, stack(0x0000004b21300000,0x0000004b21400000)]
  0x00000197bd36f5b0 JavaThread "Finalizer" daemon [_thread_blocked, id=20512, stack(0x0000004b21400000,0x0000004b21500000)]
  0x00000197bd37fca0 JavaThread "Signal Dispatcher" daemon [_thread_blocked, id=18272, stack(0x0000004b21500000,0x0000004b21600000)]
  0x00000197bd380b10 JavaThread "Attach Listener" daemon [_thread_blocked, id=20392, stack(0x0000004b21600000,0x0000004b21700000)]
  0x00000197bd3847a0 JavaThread "Service Thread" daemon [_thread_blocked, id=13356, stack(0x0000004b21700000,0x0000004b21800000)]
  0x00000197bd3b1010 JavaThread "Monitor Deflation Thread" daemon [_thread_blocked, id=11964, stack(0x0000004b21800000,0x0000004b21900000)]
  0x00000197bd3b2c10 JavaThread "C2 CompilerThread0" daemon [_thread_blocked, id=2772, stack(0x0000004b21900000,0x0000004b21a00000)]
  0x00000197bd3b35c0 JavaThread "C1 CompilerThread0" daemon [_thread_blocked, id=11144, stack(0x0000004b21a00000,0x0000004b21b00000)]
  0x00000197bed58010 JavaThread "Sweeper thread" daemon [_thread_blocked, id=17404, stack(0x0000004b21b00000,0x0000004b21c00000)]
  0x00000197bee44480 JavaThread "Common-Cleaner" daemon [_thread_blocked, id=13964, stack(0x0000004b21c00000,0x0000004b21d00000)]
  0x00000197bf023580 JavaThread "Notification Thread" daemon [_thread_blocked, id=16752, stack(0x0000004b21d00000,0x0000004b21e00000)]
  0x00000197bf20a560 JavaThread "C2 CompilerThread1" daemon [_thread_blocked, id=12424, stack(0x0000004b22200000,0x0000004b22300000)]
  0x00000197bf5431a0 JavaThread "Active Thread: Equinox Container: 47e3de14-371b-453e-b0e8-b925e9a7db00" [_thread_blocked, id=5676, stack(0x0000004b22300000,0x0000004b22400000)]
  0x00000197bf640990 JavaThread "Framework Event Dispatcher: Equinox Container: 47e3de14-371b-453e-b0e8-b925e9a7db00" daemon [_thread_blocked, id=10472, stack(0x0000004b22400000,0x0000004b22500000)]
=>0x00000197bf364300 JavaThread "Start Level: Equinox Container: 47e3de14-371b-453e-b0e8-b925e9a7db00" daemon [_thread_in_vm, id=8700, stack(0x0000004b22500000,0x0000004b22600000)]
  0x00000197c048b740 JavaThread "SCR Component Actor" daemon [_thread_blocked, id=4768, stack(0x0000004b22600000,0x0000004b22700000)]

Other Threads:
  0x00000197bd2795d0 VMThread "VM Thread" [stack: 0x0000004b21200000,0x0000004b21300000] [id=19700]
  0x00000197bf023a50 WatcherThread [stack: 0x0000004b21e00000,0x0000004b21f00000] [id=10340]
  0x00000197a7629e90 GCTaskThread "GC Thread#0" [stack: 0x0000004b21100000,0x0000004b21200000] [id=20228]
  0x00000197bf2d15b0 GCTaskThread "GC Thread#1" [stack: 0x0000004b21f00000,0x0000004b22000000] [id=9284]
  0x00000197bf858020 GCTaskThread "GC Thread#2" [stack: 0x0000004b22000000,0x0000004b22100000] [id=1900]
  0x00000197bf8582d0 GCTaskThread "GC Thread#3" [stack: 0x0000004b22100000,0x0000004b22200000] [id=10028]

Threads with active compile tasks:

VM state: not at safepoint (normal execution)

VM Mutex/Monitor currently owned by a thread:  ([mutex/lock_event])
[0x00000197a760e560] Metaspace_lock - owner thread: 0x00000197bf364300

Heap address: 0x00000000c0000000, size: 1024 MB, Compressed Oops mode: 32-bit

CDS archive(s) not mapped
Compressed class space mapped at: 0x0000000100000000-0x0000000140000000, reserved size: 1073741824
Narrow klass base: 0x0000000000000000, Narrow klass shift: 3, Narrow klass range: 0x140000000

GC Precious Log:
 CPUs: 4 total, 4 available
 Memory: 12196M
 Large Page Support: Disabled
 NUMA Support: Disabled
 Compressed Oops: Enabled (32-bit)
 Alignments: Space 512K, Generation 512K, Heap 2M
 Heap Min Capacity: 100M
 Heap Initial Capacity: 100M
 Heap Max Capacity: 1G
 Pre-touch: Disabled
 Parallel Workers: 4

Heap:
 PSYoungGen      total 29696K, used 27464K [0x00000000eab00000, 0x00000000ecc00000, 0x0000000100000000)
  eden space 25600K, 94% used [0x00000000eab00000,0x00000000ec2a7e80,0x00000000ec400000)
  from space 4096K, 79% used [0x00000000ec400000,0x00000000ec72a1b0,0x00000000ec800000)
  to   space 4096K, 0% used [0x00000000ec800000,0x00000000ec800000,0x00000000ecc00000)
 ParOldGen       total 68608K, used 16K [0x00000000c0000000, 0x00000000c4300000, 0x00000000eab00000)
  object space 68608K, 0% used [0x00000000c0000000,0x00000000c0004000,0x00000000c4300000)
 Metaspace       used 14903K, committed 15168K, reserved 1064960K
  class space    used 1528K, committed 1664K, reserved 1048576K

Card table byte_map: [0x00000197bac70000,0x00000197bae80000] _byte_map_base: 0x00000197ba670000

Marking Bits: (ParMarkBitMap*) 0x00007ff97c134b80
 Begin Bits: [0x00000197bafe0000, 0x00000197bbfe0000)
 End Bits:   [0x00000197bbfe0000, 0x00000197bcfe0000)

Polling page: 0x00000197a76e0000

Metaspace:

Usage:
  Non-class:     13.06 MB used.
      Class:      1.49 MB used.
       Both:     14.55 MB used.

Virtual space:
  Non-class space:       16.00 MB reserved,      13.19 MB ( 82%) committed,  2 nodes.
      Class space:        1.00 GB reserved,       1.62 MB ( <1%) committed,  1 nodes.
             Both:        1.02 GB reserved,      14.81 MB (  1%) committed. 

Chunk freelists:
   Non-Class:  2.29 MB
       Class:  2.36 MB
        Both:  4.65 MB

MaxMetaspaceSize: unlimited
CompressedClassSpaceSize: 1.00 GB
Initial GC threshold: 21.00 MB
Current GC threshold: 21.00 MB
CDS: off
MetaspaceReclaimPolicy: balanced
 - commit_granule_bytes: 65536.
 - commit_granule_words: 8192.
 - virtual_space_node_default_size: 1048576.
 - enlarge_chunks_in_place: 1.
 - new_chunks_are_fully_committed: 0.
 - uncommit_free_chunks: 1.
 - use_allocation_guard: 0.
 - handle_deallocations: 1.


Internal statistics:

num_allocs_failed_limit: 0.
num_arena_births: 88.
num_arena_deaths: 0.
num_vsnodes_births: 3.
num_vsnodes_deaths: 0.
num_space_committed: 237.
num_space_uncommitted: 0.
num_chunks_returned_to_freelist: 0.
num_chunks_taken_from_freelist: 292.
num_chunk_merges: 0.
num_chunk_splits: 197.
num_chunks_enlarged: 151.
num_purges: 0.
num_inconsistent_stats: 0.

CodeHeap 'non-profiled nmethods': size=120000Kb used=633Kb max_used=633Kb free=119366Kb
 bounds [0x00000197b3560000, 0x00000197b37d0000, 0x00000197baa90000]
CodeHeap 'profiled nmethods': size=120000Kb used=2948Kb max_used=2948Kb free=117051Kb
 bounds [0x00000197ac030000, 0x00000197ac320000, 0x00000197b3560000]
CodeHeap 'non-nmethods': size=5760Kb used=1155Kb max_used=1175Kb free=4604Kb
 bounds [0x00000197aba90000, 0x00000197abd00000, 0x00000197ac030000]
 total_blobs=2048 nmethods=1598 adapters=364
 compilation: enabled
              stopped_count=0, restarted_count=0
 full_count=0

Compilation events (20 events):
Event: 3.492 Thread 0x00000197bd3b35c0 nmethod 1592 0x00000197ac30dd90 code [0x00000197ac30df40, 0x00000197ac30e148]
Event: 3.492 Thread 0x00000197bd3b35c0 1590       3       java.lang.invoke.LambdaForm$Name::isParam (13 bytes)
Event: 3.492 Thread 0x00000197bd3b35c0 nmethod 1590 0x00000197ac30e290 code [0x00000197ac30e420, 0x00000197ac30e598]
Event: 3.492 Thread 0x00000197bd3b35c0 1588       3       jdk.internal.org.objectweb.asm.SymbolTable$Entry::<init> (18 bytes)
Event: 3.492 Thread 0x00000197bd3b35c0 nmethod 1588 0x00000197ac30e610 code [0x00000197ac30e7c0, 0x00000197ac30e948]
Event: 3.494 Thread 0x00000197bd3b35c0 1593       3       java.lang.invoke.MethodHandles$Lookup::checkSymbolicClass (25 bytes)
Event: 3.495 Thread 0x00000197bd3b35c0 nmethod 1593 0x00000197ac30ea10 code [0x00000197ac30ebe0, 0x00000197ac30ee48]
Event: 3.496 Thread 0x00000197bd3b35c0 1594       3       jdk.internal.jimage.BasicImageReader::verifyLocation (39 bytes)
Event: 3.496 Thread 0x00000197bd3b35c0 nmethod 1594 0x00000197ac30ef90 code [0x00000197ac30f160, 0x00000197ac30f428]
Event: 3.497 Thread 0x00000197bd3b35c0 1595       1       java.lang.invoke.InfoFromMemberName::getReferenceKind (5 bytes)
Event: 3.498 Thread 0x00000197bd3b35c0 nmethod 1595 0x00000197b35fc610 code [0x00000197b35fc7a0, 0x00000197b35fc878]
Event: 3.498 Thread 0x00000197bd3b35c0 1596       3       jdk.internal.org.objectweb.asm.MethodWriter::visitMethodInsn (191 bytes)
Event: 3.499 Thread 0x00000197bd3b35c0 nmethod 1596 0x00000197ac30f590 code [0x00000197ac30f7c0, 0x00000197ac30ff48]
Event: 3.499 Thread 0x00000197bd3b35c0 1597       3       jdk.internal.org.objectweb.asm.SymbolTable::addConstantMethodref (24 bytes)
Event: 3.499 Thread 0x00000197bd3b35c0 nmethod 1597 0x00000197ac310290 code [0x00000197ac310440, 0x00000197ac3105e8]
Event: 3.504 Thread 0x00000197bd3b35c0 1598       3       jdk.internal.org.objectweb.asm.MethodWriter::visitInsn (115 bytes)
Event: 3.505 Thread 0x00000197bd3b35c0 nmethod 1598 0x00000197ac310690 code [0x00000197ac310860, 0x00000197ac310c88]
Event: 3.508 Thread 0x00000197bd3b2c10 nmethod 1571 0x00000197b35fc910 code [0x00000197b35fcb20, 0x00000197b35fda30]
Event: 3.540 Thread 0x00000197bd3b35c0 1599       3       java.lang.ref.SoftReference::<init> (13 bytes)
Event: 3.541 Thread 0x00000197bd3b35c0 nmethod 1599 0x00000197ac310e10 code [0x00000197ac310fc0, 0x00000197ac311258]

GC Heap History (2 events):
Event: 2.470 GC heap before
{Heap before GC invocations=1 (full 0):
 PSYoungGen      total 29696K, used 25590K [0x00000000eab00000, 0x00000000ecc00000, 0x0000000100000000)
  eden space 25600K, 99% used [0x00000000eab00000,0x00000000ec3fdb60,0x00000000ec400000)
  from space 4096K, 0% used [0x00000000ec800000,0x00000000ec800000,0x00000000ecc00000)
  to   space 4096K, 0% used [0x00000000ec400000,0x00000000ec400000,0x00000000ec800000)
 ParOldGen       total 68608K, used 0K [0x00000000c0000000, 0x00000000c4300000, 0x00000000eab00000)
  object space 68608K, 0% used [0x00000000c0000000,0x00000000c0000000,0x00000000c4300000)
 Metaspace       used 10851K, committed 11008K, reserved 1064960K
  class space    used 1090K, committed 1152K, reserved 1048576K
}
Event: 2.480 GC heap after
{Heap after GC invocations=1 (full 0):
 PSYoungGen      total 29696K, used 3240K [0x00000000eab00000, 0x00000000ecc00000, 0x0000000100000000)
  eden space 25600K, 0% used [0x00000000eab00000,0x00000000eab00000,0x00000000ec400000)
  from space 4096K, 79% used [0x00000000ec400000,0x00000000ec72a1b0,0x00000000ec800000)
  to   space 4096K, 0% used [0x00000000ec800000,0x00000000ec800000,0x00000000ecc00000)
 ParOldGen       total 68608K, used 16K [0x00000000c0000000, 0x00000000c4300000, 0x00000000eab00000)
  object space 68608K, 0% used [0x00000000c0000000,0x00000000c0004000,0x00000000c4300000)
 Metaspace       used 10851K, committed 11008K, reserved 1064960K
  class space    used 1090K, committed 1152K, reserved 1048576K
}

Deoptimization events (20 events):
Event: 2.469 Thread 0x00000197a76144c0 DEOPT PACKING pc=0x00000197b35bbe2c sp=0x0000004b210fd3e0
Event: 2.469 Thread 0x00000197a76144c0 DEOPT UNPACKING pc=0x00000197abae20a3 sp=0x0000004b210fd368 mode 2
Event: 2.578 Thread 0x00000197a76144c0 Uncommon trap: trap_request=0xffffff45 fr.pc=0x00000197b35909bc relative=0x0000000000000b9c
Event: 2.578 Thread 0x00000197a76144c0 Uncommon trap: reason=unstable_if action=reinterpret pc=0x00000197b35909bc method=lombok.patcher.PatchScript.classMatches(Ljava/lang/String;Ljava/util/Collection;)Z @ 25 c2
Event: 2.578 Thread 0x00000197a76144c0 DEOPT PACKING pc=0x00000197b35909bc sp=0x0000004b210f82b0
Event: 2.578 Thread 0x00000197a76144c0 DEOPT UNPACKING pc=0x00000197abae20a3 sp=0x0000004b210f8270 mode 2
Event: 2.578 Thread 0x00000197a76144c0 Uncommon trap: trap_request=0xffffff45 fr.pc=0x00000197b358a514 relative=0x0000000000000074
Event: 2.578 Thread 0x00000197a76144c0 Uncommon trap: reason=unstable_if action=reinterpret pc=0x00000197b358a514 method=lombok.patcher.scripts.MethodLevelPatchScript.patch(Ljava/lang/String;[BLlombok/patcher/TransplantMapper;)[B @ 8 c2
Event: 2.578 Thread 0x00000197a76144c0 DEOPT PACKING pc=0x00000197b358a514 sp=0x0000004b210f8320
Event: 2.578 Thread 0x00000197a76144c0 DEOPT UNPACKING pc=0x00000197abae20a3 sp=0x0000004b210f82b0 mode 2
Event: 3.110 Thread 0x00000197a76144c0 Uncommon trap: trap_request=0xffffffde fr.pc=0x00000197b35b99f4 relative=0x0000000000000934
Event: 3.110 Thread 0x00000197a76144c0 Uncommon trap: reason=class_check action=maybe_recompile pc=0x00000197b35b99f4 method=java.util.HashMap.putVal(ILjava/lang/Object;Ljava/lang/Object;ZZ)Ljava/lang/Object; @ 253 c2
Event: 3.110 Thread 0x00000197a76144c0 DEOPT PACKING pc=0x00000197b35b99f4 sp=0x0000004b210fdbe0
Event: 3.110 Thread 0x00000197a76144c0 DEOPT UNPACKING pc=0x00000197abae20a3 sp=0x0000004b210fdb60 mode 2
Event: 3.113 Thread 0x00000197a76144c0 Uncommon trap: trap_request=0xffffffde fr.pc=0x00000197b35b99f4 relative=0x0000000000000934
Event: 3.113 Thread 0x00000197a76144c0 Uncommon trap: reason=class_check action=maybe_recompile pc=0x00000197b35b99f4 method=java.util.HashMap.putVal(ILjava/lang/Object;Ljava/lang/Object;ZZ)Ljava/lang/Object; @ 253 c2
Event: 3.113 Thread 0x00000197a76144c0 DEOPT PACKING pc=0x00000197b35b99f4 sp=0x0000004b210fdbe0
Event: 3.113 Thread 0x00000197a76144c0 DEOPT UNPACKING pc=0x00000197abae20a3 sp=0x0000004b210fdb60 mode 2
Event: 3.290 Thread 0x00000197a76144c0 DEOPT PACKING pc=0x00000197ac05c34e sp=0x0000004b210fe0d0
Event: 3.290 Thread 0x00000197a76144c0 DEOPT UNPACKING pc=0x00000197abae2843 sp=0x0000004b210fd518 mode 0

Classes unloaded (0 events):
No events

Classes redefined (0 events):
No events

Internal exceptions (20 events):
Event: 1.637 Thread 0x00000197a76144c0 Implicit null exception at 0x00000197b35834f2 to 0x00000197b3583a18
Event: 1.661 Thread 0x00000197a76144c0 Exception <a 'java/io/FileNotFoundException'{0x00000000eb76a730}> (0x00000000eb76a730) 
thrown [e:\jenkins\tmp\workspace\build\src\src\hotspot\share\prims\jni.cpp, line 516]
Event: 2.156 Thread 0x00000197a76144c0 Exception <a 'java/lang/ClassNotFoundException'{0x00000000ebf5bb38}: sun/net/www/protocol/c/Handler> (0x00000000ebf5bb38) 
thrown [e:\jenkins\tmp\workspace\build\src\src\hotspot\share\classfile\systemDictionary.cpp, line 256]
Event: 2.156 Thread 0x00000197a76144c0 Exception <a 'java/lang/ClassNotFoundException'{0x00000000ebf5cf68}: sun/net/www/protocol/c/Handler> (0x00000000ebf5cf68) 
thrown [e:\jenkins\tmp\workspace\build\src\src\hotspot\share\classfile\systemDictionary.cpp, line 256]
Event: 2.156 Thread 0x00000197a76144c0 Exception <a 'java/lang/ClassNotFoundException'{0x00000000ebf5e270}: sun/net/www/protocol/c/Handler> (0x00000000ebf5e270) 
thrown [e:\jenkins\tmp\workspace\build\src\src\hotspot\share\classfile\systemDictionary.cpp, line 256]
Event: 2.200 Thread 0x00000197a76144c0 Exception <a 'java/io/FileNotFoundException'{0x00000000ebf7c898}> (0x00000000ebf7c898) 
thrown [e:\jenkins\tmp\workspace\build\src\src\hotspot\share\prims\jni.cpp, line 516]
Event: 2.282 Thread 0x00000197a76144c0 Implicit null exception at 0x00000197b35afc7b to 0x00000197b35b0628
Event: 2.282 Thread 0x00000197a76144c0 Implicit null exception at 0x00000197b35add6c to 0x00000197b35adf50
Event: 2.282 Thread 0x00000197a76144c0 Implicit null exception at 0x00000197b359bc91 to 0x00000197b359bec4
Event: 2.283 Thread 0x00000197a76144c0 Implicit null exception at 0x00000197b359998f to 0x00000197b3599a05
Event: 2.354 Thread 0x00000197a76144c0 Exception <a 'java/lang/NoSuchMethodError'{0x00000000ec248208}: 'int java.lang.invoke.DirectMethodHandle$Holder.invokeStaticInit(java.lang.Object, java.lang.Object, java.lang.Object, java.lang.Object)'> (0x00000000ec248208) 
thrown [e:\jenkins\tmp\workspace\build\src\src\hotspot\share\interpreter\linkResolver.cpp, line 766]
Event: 2.356 Thread 0x00000197a76144c0 Exception <a 'java/lang/NoSuchMethodError'{0x00000000ec252878}: 'java.lang.Object java.lang.invoke.DirectMethodHandle$Holder.invokeInterface(java.lang.Object, java.lang.Object)'> (0x00000000ec252878) 
thrown [e:\jenkins\tmp\workspace\build\src\src\hotspot\share\interpreter\linkResolver.cpp, line 766]
Event: 2.357 Thread 0x00000197a76144c0 Exception <a 'java/lang/IncompatibleClassChangeError'{0x00000000ec256070}: Found class java.lang.Object, but interface was expected> (0x00000000ec256070) 
thrown [e:\jenkins\tmp\workspace\build\src\src\hotspot\share\interpreter\linkResolver.cpp, line 833]
Event: 2.358 Thread 0x00000197a76144c0 Exception <a 'java/lang/NoSuchMethodError'{0x00000000ec25a568}: 'void java.lang.invoke.DirectMethodHandle$Holder.invokeStatic(java.lang.Object, java.lang.Object)'> (0x00000000ec25a568) 
thrown [e:\jenkins\tmp\workspace\build\src\src\hotspot\share\interpreter\linkResolver.cpp, line 766]
Event: 2.359 Thread 0x00000197a76144c0 Exception <a 'java/lang/NoSuchMethodError'{0x00000000ec25dd68}: 'void java.lang.invoke.DirectMethodHandle$Holder.invokeStaticInit(java.lang.Object, java.lang.Object)'> (0x00000000ec25dd68) 
thrown [e:\jenkins\tmp\workspace\build\src\src\hotspot\share\interpreter\linkResolver.cpp, line 766]
Event: 2.363 Thread 0x00000197a76144c0 Exception <a 'java/lang/NoSuchMethodError'{0x00000000ec265200}: 'int java.lang.invoke.DirectMethodHandle$Holder.invokeStaticInit(java.lang.Object, java.lang.Object)'> (0x00000000ec265200) 
thrown [e:\jenkins\tmp\workspace\build\src\src\hotspot\share\interpreter\linkResolver.cpp, line 766]
Event: 2.440 Thread 0x00000197a76144c0 Exception <a 'java/lang/NoSuchMethodError'{0x00000000ec386330}: 'void java.lang.invoke.DirectMethodHandle$Holder.invokeSpecial(java.lang.Object, java.lang.Object, java.lang.Object)'> (0x00000000ec386330) 
thrown [e:\jenkins\tmp\workspace\build\src\src\hotspot\share\interpreter\linkResolver.cpp, line 766]
Event: 3.072 Thread 0x00000197a76144c0 Exception <a 'java/lang/NoSuchMethodError'{0x00000000eb6525f0}: 'java.lang.Object java.lang.invoke.DirectMethodHandle$Holder.newInvokeSpecial(java.lang.Object, int, java.lang.Object)'> (0x00000000eb6525f0) 
thrown [e:\jenkins\tmp\workspace\build\src\src\hotspot\share\interpreter\linkResolver.cpp, line 766]
Event: 3.350 Thread 0x00000197a76144c0 Exception <a 'java/lang/UnsatisfiedLinkError'{0x00000000ebb532f8}: 'void org.eclipse.equinox.launcher.JNIBridge._update_splash()'> (0x00000000ebb532f8) 
thrown [e:\jenkins\tmp\workspace\build\src\src\hotspot\share\prims\nativeLookup.cpp, line 543]
Event: 3.416 Thread 0x00000197bf364300 Exception <a 'java/lang/NoSuchMethodError'{0x00000000ebe150b0}: 'java.lang.Object java.lang.invoke.DirectMethodHandle$Holder.invokeStaticInit(java.lang.Object)'> (0x00000000ebe150b0) 
thrown [e:\jenkins\tmp\workspace\build\src\src\hotspot\share\interpreter\linkResolver.cpp, line 766]

VM Operations (20 events):
Event: 1.509 Executing VM operation: HandshakeAllThreads
Event: 1.509 Executing VM operation: HandshakeAllThreads done
Event: 1.509 Executing VM operation: Cleanup
Event: 1.510 Executing VM operation: Cleanup done
Event: 1.603 Executing VM operation: HandshakeAllThreads
Event: 1.603 Executing VM operation: HandshakeAllThreads done
Event: 2.112 Executing VM operation: HandshakeAllThreads
Event: 2.112 Executing VM operation: HandshakeAllThreads done
Event: 2.469 Executing VM operation: ParallelGCFailedAllocation
Event: 2.480 Executing VM operation: ParallelGCFailedAllocation done
Event: 2.980 Executing VM operation: HandshakeAllThreads
Event: 2.984 Executing VM operation: HandshakeAllThreads done
Event: 2.986 Executing VM operation: HandshakeAllThreads
Event: 2.987 Executing VM operation: HandshakeAllThreads done
Event: 3.002 Executing VM operation: HandshakeAllThreads
Event: 3.014 Executing VM operation: HandshakeAllThreads done
Event: 3.054 Executing VM operation: HandshakeAllThreads
Event: 3.054 Executing VM operation: HandshakeAllThreads done
Event: 3.439 Executing VM operation: HandshakeAllThreads
Event: 3.440 Executing VM operation: HandshakeAllThreads done

Events (20 events):
Event: 3.538 loading class com/sun/org/apache/xerces/internal/util/ErrorHandlerWrapper done
Event: 3.539 loading class com/sun/org/apache/xerces/internal/xni/parser/XMLInputSource
Event: 3.539 loading class com/sun/org/apache/xerces/internal/xni/parser/XMLInputSource done
Event: 3.539 loading class com/sun/org/apache/xerces/internal/utils/XMLLimitAnalyzer
Event: 3.539 loading class com/sun/org/apache/xerces/internal/utils/XMLLimitAnalyzer done
Event: 3.539 loading class com/sun/org/apache/xerces/internal/impl/XMLEntityManager$RewindableInputStream
Event: 3.539 loading class com/sun/org/apache/xerces/internal/impl/XMLEntityManager$RewindableInputStream done
Event: 3.539 loading class com/sun/org/apache/xerces/internal/impl/XMLEntityManager$EncodingInfo
Event: 3.540 loading class com/sun/org/apache/xerces/internal/impl/XMLEntityManager$EncodingInfo done
Event: 3.540 loading class com/sun/org/apache/xerces/internal/impl/io/UTF8Reader
Event: 3.540 loading class com/sun/org/apache/xerces/internal/impl/io/UTF8Reader done
Event: 3.540 loading class com/sun/xml/internal/stream/util/ThreadLocalBufferAllocator
Event: 3.540 loading class com/sun/xml/internal/stream/util/ThreadLocalBufferAllocator done
Event: 3.540 loading class com/sun/xml/internal/stream/util/BufferAllocator
Event: 3.540 loading class com/sun/xml/internal/stream/util/BufferAllocator done
Event: 3.540 loading class com/sun/xml/internal/stream/Entity$ScannedEntity
Event: 3.541 loading class com/sun/xml/internal/stream/Entity
Event: 3.541 loading class com/sun/xml/internal/stream/Entity done
Event: 3.541 loading class com/sun/xml/internal/stream/Entity$ScannedEntity done
Event: 3.541 loading class com/sun/org/apache/xerces/internal/util/XMLChar


Dynamic libraries:
0x00007ff6507d0000 - 0x00007ff6507de000 	c:\Users\Usuario\.vscode\extensions\redhat.java-1.8.0-win32-x64\jre\17.0.3-win32-x86_64\bin\java.exe
0x00007ff9df470000 - 0x00007ff9df667000 	C:\WINDOWS\SYSTEM32\ntdll.dll
0x00007ff9dd840000 - 0x00007ff9dd8fd000 	C:\WINDOWS\System32\KERNEL32.DLL
0x00007ff9dcb90000 - 0x00007ff9dce5d000 	C:\WINDOWS\System32\KERNELBASE.dll
0x00007ff9da4a0000 - 0x00007ff9da530000 	C:\WINDOWS\SYSTEM32\apphelp.dll
0x00007ff9dcef0000 - 0x00007ff9dcff0000 	C:\WINDOWS\System32\ucrtbase.dll
0x00007ff9d85c0000 - 0x00007ff9d85d8000 	c:\Users\Usuario\.vscode\extensions\redhat.java-1.8.0-win32-x64\jre\17.0.3-win32-x86_64\bin\jli.dll
0x00007ff9dd6a0000 - 0x00007ff9dd840000 	C:\WINDOWS\System32\USER32.dll
0x00007ff9dd0a0000 - 0x00007ff9dd0c2000 	C:\WINDOWS\System32\win32u.dll
0x00007ff9dd900000 - 0x00007ff9dd92a000 	C:\WINDOWS\System32\GDI32.dll
0x00007ff9dd100000 - 0x00007ff9dd20b000 	C:\WINDOWS\System32\gdi32full.dll
0x00007ff9dd210000 - 0x00007ff9dd2ad000 	C:\WINDOWS\System32\msvcp_win.dll
0x00007ff9d85a0000 - 0x00007ff9d85b9000 	c:\Users\Usuario\.vscode\extensions\redhat.java-1.8.0-win32-x64\jre\17.0.3-win32-x86_64\bin\VCRUNTIME140.dll
0x00007ff9cb140000 - 0x00007ff9cb3da000 	C:\WINDOWS\WinSxS\amd64_microsoft.windows.common-controls_6595b64144ccf1df_6.0.19041.1110_none_60b5254171f9507e\COMCTL32.dll
0x00007ff9dec40000 - 0x00007ff9decde000 	C:\WINDOWS\System32\msvcrt.dll
0x00007ff9de980000 - 0x00007ff9de9b0000 	C:\WINDOWS\System32\IMM32.DLL
0x00007ff9d8590000 - 0x00007ff9d859c000 	c:\Users\Usuario\.vscode\extensions\redhat.java-1.8.0-win32-x64\jre\17.0.3-win32-x86_64\bin\vcruntime140_1.dll
0x00007ff9b1ab0000 - 0x00007ff9b1b41000 	c:\Users\Usuario\.vscode\extensions\redhat.java-1.8.0-win32-x64\jre\17.0.3-win32-x86_64\bin\msvcp140.dll
0x00007ff97b5b0000 - 0x00007ff97c1f8000 	c:\Users\Usuario\.vscode\extensions\redhat.java-1.8.0-win32-x64\jre\17.0.3-win32-x86_64\bin\server\jvm.dll
0x00007ff9de630000 - 0x00007ff9de6de000 	C:\WINDOWS\System32\ADVAPI32.dll
0x00007ff9de8e0000 - 0x00007ff9de97c000 	C:\WINDOWS\System32\sechost.dll
0x00007ff9df270000 - 0x00007ff9df395000 	C:\WINDOWS\System32\RPCRT4.dll
0x00007ff9df110000 - 0x00007ff9df118000 	C:\WINDOWS\System32\PSAPI.DLL
0x00007ff9beec0000 - 0x00007ff9beee7000 	C:\WINDOWS\SYSTEM32\WINMM.dll
0x00007ff9d8580000 - 0x00007ff9d8589000 	C:\WINDOWS\SYSTEM32\WSOCK32.dll
0x00007ff9de6e0000 - 0x00007ff9de74b000 	C:\WINDOWS\System32\WS2_32.dll
0x00007ff9cee00000 - 0x00007ff9cee0a000 	C:\WINDOWS\SYSTEM32\VERSION.dll
0x00007ff9da970000 - 0x00007ff9da982000 	C:\WINDOWS\SYSTEM32\kernel.appcore.dll
0x00007ff9d8570000 - 0x00007ff9d857a000 	c:\Users\Usuario\.vscode\extensions\redhat.java-1.8.0-win32-x64\jre\17.0.3-win32-x86_64\bin\jimage.dll
0x00007ff9c9620000 - 0x00007ff9c9804000 	C:\WINDOWS\SYSTEM32\DBGHELP.DLL
0x00007ff9c9580000 - 0x00007ff9c95ac000 	C:\WINDOWS\SYSTEM32\dbgcore.DLL
0x00007ff9dce60000 - 0x00007ff9dcee2000 	C:\WINDOWS\System32\bcryptPrimitives.dll
0x00007ff9d8560000 - 0x00007ff9d856e000 	c:\Users\Usuario\.vscode\extensions\redhat.java-1.8.0-win32-x64\jre\17.0.3-win32-x86_64\bin\instrument.dll
0x00007ff9cf4c0000 - 0x00007ff9cf4e5000 	c:\Users\Usuario\.vscode\extensions\redhat.java-1.8.0-win32-x64\jre\17.0.3-win32-x86_64\bin\java.dll
0x00007ff9cfde0000 - 0x00007ff9cfdf8000 	c:\Users\Usuario\.vscode\extensions\redhat.java-1.8.0-win32-x64\jre\17.0.3-win32-x86_64\bin\zip.dll
0x00007ff9dd930000 - 0x00007ff9de074000 	C:\WINDOWS\System32\SHELL32.dll
0x00007ff9dac50000 - 0x00007ff9db3e4000 	C:\WINDOWS\SYSTEM32\windows.storage.dll
0x00007ff9ded00000 - 0x00007ff9df054000 	C:\WINDOWS\System32\combase.dll
0x00007ff9dc510000 - 0x00007ff9dc53c000 	C:\WINDOWS\SYSTEM32\Wldp.dll
0x00007ff9df060000 - 0x00007ff9df10d000 	C:\WINDOWS\System32\SHCORE.dll
0x00007ff9de880000 - 0x00007ff9de8d5000 	C:\WINDOWS\System32\shlwapi.dll
0x00007ff9dcad0000 - 0x00007ff9dcaef000 	C:\WINDOWS\SYSTEM32\profapi.dll
0x00007ff9ca480000 - 0x00007ff9ca499000 	C:\Users\Usuario\.vscode\extensions\redhat.java-1.8.0-win32-x64\jre\17.0.3-win32-x86_64\bin\net.dll
0x00007ff9d4250000 - 0x00007ff9d435a000 	C:\WINDOWS\SYSTEM32\WINHTTP.dll
0x00007ff9dc2f0000 - 0x00007ff9dc35a000 	C:\WINDOWS\system32\mswsock.dll
0x00007ff9c8e70000 - 0x00007ff9c8e85000 	C:\Users\Usuario\.vscode\extensions\redhat.java-1.8.0-win32-x64\jre\17.0.3-win32-x86_64\bin\nio.dll
0x00007ff9d7390000 - 0x00007ff9d73a0000 	c:\Users\Usuario\.vscode\extensions\redhat.java-1.8.0-win32-x64\jre\17.0.3-win32-x86_64\bin\verify.dll
0x00007ff9c10b0000 - 0x00007ff9c10ee000 	C:\Users\Usuario\AppData\Roaming\Code\User\globalStorage\redhat.java\1.8.0\config_ss_win\org.eclipse.equinox.launcher\org.eclipse.equinox.launcher.win32.win32.x86_64_1.2.500.v20220509-0833\eclipse_11700.dll
0x00007ff9de750000 - 0x00007ff9de87a000 	C:\WINDOWS\System32\ole32.dll

dbghelp: loaded successfully - version: 4.0.5 - missing functions: none
symbol engine: initialized successfully - sym options: 0x614 - pdb path: .;c:\Users\Usuario\.vscode\extensions\redhat.java-1.8.0-win32-x64\jre\17.0.3-win32-x86_64\bin;C:\WINDOWS\SYSTEM32;C:\WINDOWS\WinSxS\amd64_microsoft.windows.common-controls_6595b64144ccf1df_6.0.19041.1110_none_60b5254171f9507e;c:\Users\Usuario\.vscode\extensions\redhat.java-1.8.0-win32-x64\jre\17.0.3-win32-x86_64\bin\server;C:\Users\Usuario\AppData\Roaming\Code\User\globalStorage\redhat.java\1.8.0\config_ss_win\org.eclipse.equinox.launcher\org.eclipse.equinox.launcher.win32.win32.x86_64_1.2.500.v20220509-0833

VM Arguments:
jvm_args: --add-modules=ALL-SYSTEM --add-opens=java.base/java.util=ALL-UNNAMED --add-opens=java.base/java.lang=ALL-UNNAMED --add-opens=java.base/sun.nio.fs=ALL-UNNAMED -Declipse.application=org.eclipse.jdt.ls.core.id1 -Dosgi.bundles.defaultStartLevel=4 -Declipse.product=org.eclipse.jdt.ls.core.product -Djava.import.generatesMetadataFilesAtProjectRoot=false -Dfile.encoding=utf8 -DwatchParentProcess=false -XX:+UseParallelGC -XX:GCTimeRatio=4 -XX:AdaptiveSizePolicyWeight=90 -Dsun.zip.disableMemoryMapping=true -Xmx1G -Xms100m -javaagent:C:\Users\Usuario\.m2\repository\org\projectlombok\lombok\1.18.24\lombok-1.18.24.jar 
java_command: c:\Users\Usuario\.vscode\extensions\redhat.java-1.8.0-win32-x64\server\plugins\org.eclipse.equinox.launcher_1.6.400.v20210924-0641.jar -configuration c:\Users\Usuario\AppData\Roaming\Code\User\globalStorage\redhat.java\1.8.0\config_ss_win -data c:\Users\Usuario\AppData\Roaming\Code\User\workspaceStorage\108a0bc668e69c4eb26eeac820f5b77e\redhat.java\ss_ws
java_class_path (initial): c:\Users\Usuario\.vscode\extensions\redhat.java-1.8.0-win32-x64\server\plugins\org.eclipse.equinox.launcher_1.6.400.v20210924-0641.jar
Launcher Type: SUN_STANDARD

[Global flags]
    uintx AdaptiveSizePolicyWeight                 = 90                                        {product} {command line}
     intx CICompilerCount                          = 3                                         {product} {ergonomic}
    uintx GCTimeRatio                              = 4                                         {product} {command line}
   size_t InitialHeapSize                          = 104857600                                 {product} {command line}
   size_t MaxHeapSize                              = 1073741824                                {product} {command line}
   size_t MaxNewSize                               = 357564416                                 {product} {ergonomic}
   size_t MinHeapDeltaBytes                        = 524288                                    {product} {ergonomic}
   size_t MinHeapSize                              = 104857600                                 {product} {command line}
   size_t NewSize                                  = 34603008                                  {product} {ergonomic}
    uintx NonNMethodCodeHeapSize                   = 5832780                                {pd product} {ergonomic}
    uintx NonProfiledCodeHeapSize                  = 122912730                              {pd product} {ergonomic}
   size_t OldSize                                  = 70254592                                  {product} {ergonomic}
    uintx ProfiledCodeHeapSize                     = 122912730                              {pd product} {ergonomic}
    uintx ReservedCodeCacheSize                    = 251658240                              {pd product} {ergonomic}
     bool SegmentedCodeCache                       = true                                      {product} {ergonomic}
   size_t SoftMaxHeapSize                          = 1073741824                             {manageable} {ergonomic}
     bool UseCompressedClassPointers               = true                           {product lp64_product} {ergonomic}
     bool UseCompressedOops                        = true                           {product lp64_product} {ergonomic}
     bool UseLargePagesIndividualAllocation        = false                                  {pd product} {ergonomic}
     bool UseParallelGC                            = true                                      {product} {command line}

Logging:
Log output configuration:
 #0: stdout all=warning uptime,level,tags
 #1: stderr all=off uptime,level,tags

Environment Variables:
JAVA_HOME=C:\Program Files\Java\jdk-11.0.12
PATH=C:\Gradle\gradle-7.3.3\bin;C:\Users\Usuario\AppData\Local\Android\Sdk\tools;C:\Users\Usuario\AppData\Local\Android\Sdk\platform-tools;C:\Program Files\Docker\Docker\resources\bin;C:\ProgramData\DockerDesktop\version-bin;C:\Program Files\nodejs\;C:\ProgramData\chocolatey\bin;C:\WINDOWS\system32;C:\Windows\System32\WindowsPowerShell\v1.0;C:\HashiCorp\Vagrant\bin;C:\Program Files\Oracle\VirtualBox;C:\Program Files\Java\jdk-11.0.12\bin;C:\Program Files\Amazon\AWSCLIV2\;C:\Terraform\;C:\Program Files (x86)\Yarn\bin\;C:\WINDOWS\System32\OpenSSH\;C:\Program Files\Git\cmd;C:\Users\Usuario\AppData\Local\Programs\Python\Python39\Scripts\;C:\Users\Usuario\AppData\Local\Programs\Python\Python39\;C:\Users\Usuario\AppData\Local\Microsoft\WindowsApps;C:\Users\Usuario\AppData\Local\Programs\Microsoft VS Code\bin;C:\Users\Usuario\AppData\Roaming\npm;C:\HashiCorp\Vagrant\bin;C:\Users\Usuario\AppData\Local\Yarn\bin
USERNAME=Usuario
OS=Windows_NT
PROCESSOR_IDENTIFIER=Intel64 Family 6 Model 60 Stepping 3, GenuineIntel



---------------  S Y S T E M  ---------------

OS:
 Windows 10 , 64 bit Build 19041 (10.0.19041.1741)
OS uptime: 4 days 22:57 hours
Hyper-V role detected

CPU: total 4 (initial active 4) (2 cores per cpu, 2 threads per core) family 6 model 60 stepping 3 microcode 0x27, cx8, cmov, fxsr, ht, mmx, sse, sse2, sse3, ssse3, sse4.1, sse4.2, popcnt, lzcnt, tsc, tscinvbit, avx, avx2, aes, erms, clmul, bmi1, bmi2, fma, vzeroupper, clflush, hv

Memory: 4k page, system-wide physical 12196M (4973M free)
TotalPageFile size 15268M (AvailPageFile size 148M)
current process WorkingSet (physical memory assigned to process): 86M, peak: 86M
current process commit charge ("private bytes"): 194M, peak: 195M

vm_info: OpenJDK 64-Bit Server VM (17.0.3+7) for windows-amd64 JRE (17.0.3+7), built on Apr 19 2022 16:55:35 by "" with MS VC++ 16.7 (VS2019)

END.
