#
# There is insufficient memory for the Java Runtime Environment to continue.
# Native memory allocation (mmap) failed to map 65536 bytes for Failed to commit metaspace.
# Possible reasons:
#   The system is out of physical RAM or swap space
#   The process is running with CompressedOops enabled, and the Java Heap may be blocking the growth of the native heap
# Possible solutions:
#   Reduce memory load on the system
#   Increase physical memory or swap space
#   Check if swap backing store is full
#   Decrease Java heap size (-Xmx/-Xms)
#   Decrease number of Java threads
#   Decrease Java thread stack sizes (-Xss)
#   Set larger code cache with -XX:ReservedCodeCacheSize=
#   JVM is running with Unscaled Compressed Oops mode in which the Java heap is
#     placed in the first 4GB address space. The Java Heap base address is the
#     maximum limit for the native heap growth. Please use -XX:HeapBaseMinAddress
#     to set the Java Heap base and to place the Java Heap above 4GB virtual address.
# This output file may be truncated or incomplete.
#
#  Out of Memory Error (virtualSpaceNode.cpp:110), pid=6360, tid=19576
#
# JRE version: OpenJDK Runtime Environment Temurin-17.0.3+7 (17.0.3+7) (build 17.0.3+7)
# Java VM: OpenJDK 64-Bit Server VM Temurin-17.0.3+7 (17.0.3+7, mixed mode, tiered, compressed oops, compressed class ptrs, parallel gc, windows-amd64)
# No core dump will be written. Minidumps are not enabled by default on client versions of Windows
#

---------------  S U M M A R Y ------------

Command Line: --add-modules=ALL-SYSTEM --add-opens=java.base/java.util=ALL-UNNAMED --add-opens=java.base/java.lang=ALL-UNNAMED --add-opens=java.base/sun.nio.fs=ALL-UNNAMED -Declipse.application=org.eclipse.jdt.ls.core.id1 -Dosgi.bundles.defaultStartLevel=4 -Declipse.product=org.eclipse.jdt.ls.core.product -Djava.import.generatesMetadataFilesAtProjectRoot=false -Dfile.encoding=utf8 -DwatchParentProcess=false -XX:+UseParallelGC -XX:GCTimeRatio=4 -XX:AdaptiveSizePolicyWeight=90 -Dsun.zip.disableMemoryMapping=true -Xmx1G -Xms100m -javaagent:C:\Users\Usuario\.m2\repository\org\projectlombok\lombok\1.18.24\lombok-1.18.24.jar c:\Users\Usuario\.vscode\extensions\redhat.java-1.8.0-win32-x64\server\plugins\org.eclipse.equinox.launcher_1.6.400.v20210924-0641.jar -configuration c:\Users\Usuario\AppData\Roaming\Code\User\globalStorage\redhat.java\1.8.0\config_ss_win -data c:\Users\Usuario\AppData\Roaming\Code\User\workspaceStorage\108a0bc668e69c4eb26eeac820f5b77e\redhat.java\ss_ws

Host: Intel(R) Core(TM) i5-4200M CPU @ 2.50GHz, 4 cores, 11G,  Windows 10 , 64 bit Build 19041 (10.0.19041.1741)
Time: Thu Jul  7 18:56:10 2022 Hora estándar de Argentina elapsed time: 4.381901 seconds (0d 0h 0m 4s)

---------------  T H R E A D  ---------------

Current thread (0x000001d789774540):  JavaThread "main" [_thread_in_vm, id=19576, stack(0x00000073d0100000,0x00000073d0200000)]

Stack: [0x00000073d0100000,0x00000073d0200000]
Native frames: (J=compiled Java code, j=interpreted, Vv=VM code, C=native code)
V  [jvm.dll+0x675efa]
V  [jvm.dll+0x830a24]
V  [jvm.dll+0x8321ce]
V  [jvm.dll+0x832833]
V  [jvm.dll+0x2454b5]
V  [jvm.dll+0x82c9cb]
V  [jvm.dll+0x61ab26]
V  [jvm.dll+0x1c046e]
V  [jvm.dll+0x61d471]
V  [jvm.dll+0x61b4c6]
V  [jvm.dll+0x62c2b9]
V  [jvm.dll+0x6255e4]
V  [jvm.dll+0x37f5c1]
C  0x000001d78dbdc6fe

Java frames: (J=compiled Java code, j=interpreted, Vv=VM code)
j  org.eclipse.osgi.container.ModuleWiring.getRequiredModuleWires(Ljava/lang/String;)Ljava/util/List;+0
j  org.eclipse.osgi.internal.loader.BundleLoader.<init>(Lorg/eclipse/osgi/container/ModuleWiring;Lorg/eclipse/osgi/internal/framework/EquinoxContainer;Ljava/lang/ClassLoader;)V+203
j  org.eclipse.osgi.internal.loader.SystemBundleLoader.<init>(Lorg/eclipse/osgi/container/ModuleWiring;Lorg/eclipse/osgi/internal/framework/EquinoxContainer;Ljava/lang/ClassLoader;)V+7
j  org.eclipse.osgi.internal.framework.EquinoxContainerAdaptor.createModuleLoader(Lorg/eclipse/osgi/container/ModuleWiring;)Lorg/eclipse/osgi/container/ModuleLoader;+46
j  org.eclipse.osgi.container.ModuleWiring$LoaderInitializer.call()Lorg/eclipse/osgi/container/ModuleLoader;+32
j  org.eclipse.osgi.container.ModuleWiring$LoaderInitializer.call()Ljava/lang/Object;+1
j  org.eclipse.osgi.internal.container.AtomicLazyInitializer.getInitialized(Ljava/util/concurrent/Callable;)Ljava/lang/Object;+38
j  org.eclipse.osgi.container.ModuleWiring.getModuleLoader()Lorg/eclipse/osgi/container/ModuleLoader;+8
j  org.eclipse.osgi.internal.framework.BundleContextImpl.loadBundleActivator()Lorg/osgi/framework/BundleActivator;+21
j  org.eclipse.osgi.internal.framework.BundleContextImpl.start()V+18
j  org.eclipse.osgi.internal.framework.EquinoxBundle.startWorker0()V+35
j  org.eclipse.osgi.internal.framework.EquinoxBundle$SystemBundle$EquinoxSystemModule.initWorker()V+60
j  org.eclipse.osgi.container.SystemModule.init()V+333
j  org.eclipse.osgi.internal.framework.EquinoxBundle$SystemBundle.init([Lorg/osgi/framework/FrameworkListener;)V+84
j  org.eclipse.osgi.internal.framework.EquinoxBundle$SystemBundle.init()V+2
j  org.eclipse.osgi.launch.Equinox.init()V+4
j  org.eclipse.core.runtime.adaptor.EclipseStarter.startup([Ljava/lang/String;Ljava/lang/Runnable;)Lorg/osgi/framework/BundleContext;+37
j  org.eclipse.core.runtime.adaptor.EclipseStarter.run([Ljava/lang/String;Ljava/lang/Runnable;)Ljava/lang/Object;+21
v  ~StubRoutines::call_stub
j  jdk.internal.reflect.NativeMethodAccessorImpl.invoke0(Ljava/lang/reflect/Method;Ljava/lang/Object;[Ljava/lang/Object;)Ljava/lang/Object;+0 java.base@17.0.3
j  jdk.internal.reflect.NativeMethodAccessorImpl.invoke(Ljava/lang/Object;[Ljava/lang/Object;)Ljava/lang/Object;+133 java.base@17.0.3
j  jdk.internal.reflect.DelegatingMethodAccessorImpl.invoke(Ljava/lang/Object;[Ljava/lang/Object;)Ljava/lang/Object;+6 java.base@17.0.3
j  java.lang.reflect.Method.invoke(Ljava/lang/Object;[Ljava/lang/Object;)Ljava/lang/Object;+59 java.base@17.0.3
j  org.eclipse.equinox.launcher.Main.invokeFramework([Ljava/lang/String;[Ljava/net/URL;)V+201
j  org.eclipse.equinox.launcher.Main.basicRun([Ljava/lang/String;)V+159
j  org.eclipse.equinox.launcher.Main.run([Ljava/lang/String;)I+4
j  org.eclipse.equinox.launcher.Main.main([Ljava/lang/String;)V+10
v  ~StubRoutines::call_stub

---------------  P R O C E S S  ---------------

Threads class SMR info:
_java_thread_list=0x000001d7a1953220, length=13, elements={
0x000001d789774540, 0x000001d79f4ae740, 0x000001d79f4af5b0, 0x000001d79f4c1bf0,
0x000001d79f4c2a60, 0x000001d79f4c66f0, 0x000001d79f4c7200, 0x000001d79f4e3010,
0x000001d7a0f2a430, 0x000001d7a0f2d0f0, 0x000001d7a0fcc930, 0x000001d7a11835a0,
0x000001d7a1982ff0
}

Java Threads: ( => current thread )
=>0x000001d789774540 JavaThread "main" [_thread_in_vm, id=19576, stack(0x00000073d0100000,0x00000073d0200000)]
  0x000001d79f4ae740 JavaThread "Reference Handler" daemon [_thread_blocked, id=19196, stack(0x00000073d0400000,0x00000073d0500000)]
  0x000001d79f4af5b0 JavaThread "Finalizer" daemon [_thread_blocked, id=8988, stack(0x00000073d0500000,0x00000073d0600000)]
  0x000001d79f4c1bf0 JavaThread "Signal Dispatcher" daemon [_thread_blocked, id=9292, stack(0x00000073d0600000,0x00000073d0700000)]
  0x000001d79f4c2a60 JavaThread "Attach Listener" daemon [_thread_blocked, id=13128, stack(0x00000073d0700000,0x00000073d0800000)]
  0x000001d79f4c66f0 JavaThread "Service Thread" daemon [_thread_blocked, id=19408, stack(0x00000073d0800000,0x00000073d0900000)]
  0x000001d79f4c7200 JavaThread "Monitor Deflation Thread" daemon [_thread_blocked, id=12700, stack(0x00000073d0900000,0x00000073d0a00000)]
  0x000001d79f4e3010 JavaThread "C2 CompilerThread0" daemon [_thread_blocked, id=15212, stack(0x00000073d0a00000,0x00000073d0b00000)]
  0x000001d7a0f2a430 JavaThread "C1 CompilerThread0" daemon [_thread_blocked, id=1836, stack(0x00000073d0b00000,0x00000073d0c00000)]
  0x000001d7a0f2d0f0 JavaThread "Sweeper thread" daemon [_thread_blocked, id=21400, stack(0x00000073d0c00000,0x00000073d0d00000)]
  0x000001d7a0fcc930 JavaThread "Common-Cleaner" daemon [_thread_blocked, id=17520, stack(0x00000073d0d00000,0x00000073d0e00000)]
  0x000001d7a11835a0 JavaThread "Notification Thread" daemon [_thread_blocked, id=4632, stack(0x00000073d0e00000,0x00000073d0f00000)]
  0x000001d7a1982ff0 JavaThread "Active Thread: Equinox Container: 0cf378ad-9a2f-4b88-9b8e-ee8c0f950d03" [_thread_in_vm, id=12936, stack(0x00000073d1300000,0x00000073d1400000)]

Other Threads:
  0x000001d79f498e10 VMThread "VM Thread" [stack: 0x00000073d0300000,0x00000073d0400000] [id=16792]
  0x000001d7a115b270 WatcherThread [stack: 0x00000073d0f00000,0x00000073d1000000] [id=8672]
  0x000001d789789f10 GCTaskThread "GC Thread#0" [stack: 0x00000073d0200000,0x00000073d0300000] [id=17388]
  0x000001d7a1a88930 GCTaskThread "GC Thread#1" [stack: 0x00000073d1000000,0x00000073d1100000] [id=17132]
  0x000001d7a1a88be0 GCTaskThread "GC Thread#2" [stack: 0x00000073d1100000,0x00000073d1200000] [id=7024]
  0x000001d7a252cc00 GCTaskThread "GC Thread#3" [stack: 0x00000073d1200000,0x00000073d1300000] [id=21388]

Threads with active compile tasks:

VM state: not at safepoint (normal execution)

VM Mutex/Monitor currently owned by a thread:  ([mutex/lock_event])
[0x000001d78976e8b0] Metaspace_lock - owner thread: 0x000001d789774540

Heap address: 0x00000000c0000000, size: 1024 MB, Compressed Oops mode: 32-bit

CDS archive(s) not mapped
Compressed class space mapped at: 0x0000000100000000-0x0000000140000000, reserved size: 1073741824
Narrow klass base: 0x0000000000000000, Narrow klass shift: 3, Narrow klass range: 0x140000000

GC Precious Log:
 CPUs: 4 total, 4 available
 Memory: 12196M
 Large Page Support: Disabled
 NUMA Support: Disabled
 Compressed Oops: Enabled (32-bit)
 Alignments: Space 512K, Generation 512K, Heap 2M
 Heap Min Capacity: 100M
 Heap Initial Capacity: 100M
 Heap Max Capacity: 1G
 Pre-touch: Disabled
 Parallel Workers: 4

Heap:
 PSYoungGen      total 29696K, used 13238K [0x00000000eab00000, 0x00000000ecc00000, 0x0000000100000000)
  eden space 25600K, 39% used [0x00000000eab00000,0x00000000eb4c3740,0x00000000ec400000)
  from space 4096K, 79% used [0x00000000ec400000,0x00000000ec72a1b0,0x00000000ec800000)
  to   space 4096K, 0% used [0x00000000ec800000,0x00000000ec800000,0x00000000ecc00000)
 ParOldGen       total 68608K, used 0K [0x00000000c0000000, 0x00000000c4300000, 0x00000000eab00000)
  object space 68608K, 0% used [0x00000000c0000000,0x00000000c0000000,0x00000000c4300000)
 Metaspace       used 12372K, committed 12480K, reserved 1064960K
  class space    used 1219K, committed 1280K, reserved 1048576K

Card table byte_map: [0x000001d79cdb0000,0x000001d79cfc0000] _byte_map_base: 0x000001d79c7b0000

Marking Bits: (ParMarkBitMap*) 0x00007ff97c134b80
 Begin Bits: [0x000001d79d120000, 0x000001d79e120000)
 End Bits:   [0x000001d79e120000, 0x000001d79f120000)

Polling page: 0x000001d7895e0000

Metaspace:

Usage:
  Non-class:     10.89 MB used.
      Class:      1.19 MB used.
       Both:     12.08 MB used.

Virtual space:
  Non-class space:       16.00 MB reserved,      10.94 MB ( 68%) committed,  2 nodes.
      Class space:        1.00 GB reserved,       1.25 MB ( <1%) committed,  1 nodes.
             Both:        1.02 GB reserved,      12.19 MB (  1%) committed. 

Chunk freelists:
   Non-Class:  1008.00 KB
       Class:  2.57 MB
        Both:  3.55 MB

MaxMetaspaceSize: unlimited
CompressedClassSpaceSize: 1.00 GB
Initial GC threshold: 21.00 MB
Current GC threshold: 21.00 MB
CDS: off
MetaspaceReclaimPolicy: balanced
 - commit_granule_bytes: 65536.
 - commit_granule_words: 8192.
 - virtual_space_node_default_size: 1048576.
 - enlarge_chunks_in_place: 1.
 - new_chunks_are_fully_committed: 0.
 - uncommit_free_chunks: 1.
 - use_allocation_guard: 0.
 - handle_deallocations: 1.


Internal statistics:

num_allocs_failed_limit: 0.
num_arena_births: 42.
num_arena_deaths: 0.
num_vsnodes_births: 3.
num_vsnodes_deaths: 0.
num_space_committed: 195.
num_space_uncommitted: 0.
num_chunks_returned_to_freelist: 0.
num_chunks_taken_from_freelist: 165.
num_chunk_merges: 0.
num_chunk_splits: 115.
num_chunks_enlarged: 96.
num_purges: 0.
num_inconsistent_stats: 0.

CodeHeap 'non-profiled nmethods': size=120000Kb used=467Kb max_used=467Kb free=119532Kb
 bounds [0x000001d7956a0000, 0x000001d795910000, 0x000001d79cbd0000]
CodeHeap 'profiled nmethods': size=120000Kb used=2301Kb max_used=2301Kb free=117698Kb
 bounds [0x000001d78e170000, 0x000001d78e3e0000, 0x000001d7956a0000]
CodeHeap 'non-nmethods': size=5760Kb used=1149Kb max_used=1162Kb free=4610Kb
 bounds [0x000001d78dbd0000, 0x000001d78de40000, 0x000001d78e170000]
 total_blobs=1710 nmethods=1273 adapters=351
 compilation: enabled
              stopped_count=0, restarted_count=0
 full_count=0

Compilation events (20 events):
Event: 4.371 Thread 0x000001d7a0f2a430 nmethod 1261 0x000001d78e3aa090 code [0x000001d78e3aa240, 0x000001d78e3aa388]
Event: 4.372 Thread 0x000001d7a0f2a430 1262   !   3       java.net.URLClassLoader::findClass (47 bytes)
Event: 4.373 Thread 0x000001d7a0f2a430 nmethod 1262 0x000001d78e3aa490 code [0x000001d78e3aa680, 0x000001d78e3aac88]
Event: 4.373 Thread 0x000001d7a0f2a430 1263       3       java.net.URLClassLoader$1::run (5 bytes)
Event: 4.373 Thread 0x000001d7a0f2a430 nmethod 1263 0x000001d78e3aae90 code [0x000001d78e3ab040, 0x000001d78e3ab188]
Event: 4.373 Thread 0x000001d7a0f2a430 1264   !   3       java.net.URLClassLoader$1::run (81 bytes)
Event: 4.375 Thread 0x000001d7a0f2a430 nmethod 1264 0x000001d78e3ab210 code [0x000001d78e3ab5a0, 0x000001d78e3ac9f8]
Event: 4.375 Thread 0x000001d7a0f2a430 1265   !   3       java.security.AccessController::doPrivileged (26 bytes)
Event: 4.375 Thread 0x000001d7a0f2a430 nmethod 1265 0x000001d78e3ad290 code [0x000001d78e3ad4a0, 0x000001d78e3ad9c8]
Event: 4.376 Thread 0x000001d7a0f2a430 1266       1       java.util.Collections$EmptyMap::get (2 bytes)
Event: 4.376 Thread 0x000001d7a0f2a430 nmethod 1266 0x000001d795714290 code [0x000001d795714420, 0x000001d7957144f8]
Event: 4.376 Thread 0x000001d7a0f2a430 1267       1       org.eclipse.osgi.container.ModuleCapability::getDirectives (5 bytes)
Event: 4.376 Thread 0x000001d7a0f2a430 nmethod 1267 0x000001d795714590 code [0x000001d795714720, 0x000001d7957147f8]
Event: 4.376 Thread 0x000001d79f4e3010 1268       4       java.util.HashSet::add (20 bytes)
Event: 4.376 Thread 0x000001d7a0f2a430 1269       3       java.util.ArrayList$SubList$1::hasNext (20 bytes)
Event: 4.377 Thread 0x000001d7a0f2a430 nmethod 1269 0x000001d78e3adc90 code [0x000001d78e3ade20, 0x000001d78e3adf98]
Event: 4.377 Thread 0x000001d7a0f2a430 1270       3       java.util.ArrayList$SubList$1::next (85 bytes)
Event: 4.377 Thread 0x000001d7a0f2a430 nmethod 1270 0x000001d78e3ae090 code [0x000001d78e3ae280, 0x000001d78e3ae6a8]
Event: 4.377 Thread 0x000001d7a0f2a430 1271       3       org.eclipse.osgi.internal.loader.BundleLoaderSources::forceSourceCreation (31 bytes)
Event: 4.377 Thread 0x000001d7a0f2a430 nmethod 1271 0x000001d78e3ae910 code [0x000001d78e3aeae0, 0x000001d78e3aee58]

GC Heap History (2 events):
Event: 3.191 GC heap before
{Heap before GC invocations=1 (full 0):
 PSYoungGen      total 29696K, used 25600K [0x00000000eab00000, 0x00000000ecc00000, 0x0000000100000000)
  eden space 25600K, 100% used [0x00000000eab00000,0x00000000ec400000,0x00000000ec400000)
  from space 4096K, 0% used [0x00000000ec800000,0x00000000ec800000,0x00000000ecc00000)
  to   space 4096K, 0% used [0x00000000ec400000,0x00000000ec400000,0x00000000ec800000)
 ParOldGen       total 68608K, used 0K [0x00000000c0000000, 0x00000000c4300000, 0x00000000eab00000)
  object space 68608K, 0% used [0x00000000c0000000,0x00000000c0000000,0x00000000c4300000)
 Metaspace       used 10852K, committed 11008K, reserved 1064960K
  class space    used 1089K, committed 1152K, reserved 1048576K
}
Event: 3.319 GC heap after
{Heap after GC invocations=1 (full 0):
 PSYoungGen      total 29696K, used 3240K [0x00000000eab00000, 0x00000000ecc00000, 0x0000000100000000)
  eden space 25600K, 0% used [0x00000000eab00000,0x00000000eab00000,0x00000000ec400000)
  from space 4096K, 79% used [0x00000000ec400000,0x00000000ec72a1b0,0x00000000ec800000)
  to   space 4096K, 0% used [0x00000000ec800000,0x00000000ec800000,0x00000000ecc00000)
 ParOldGen       total 68608K, used 0K [0x00000000c0000000, 0x00000000c4300000, 0x00000000eab00000)
  object space 68608K, 0% used [0x00000000c0000000,0x00000000c0000000,0x00000000c4300000)
 Metaspace       used 10852K, committed 11008K, reserved 1064960K
  class space    used 1089K, committed 1152K, reserved 1048576K
}

Deoptimization events (20 events):
Event: 2.767 Thread 0x000001d789774540 Uncommon trap: trap_request=0xffffff45 fr.pc=0x000001d7956dd7d8 relative=0x0000000000000298
Event: 2.767 Thread 0x000001d789774540 Uncommon trap: reason=unstable_if action=reinterpret pc=0x000001d7956dd7d8 method=java.util.HashMap.hash(Ljava/lang/Object;)I @ 1 c2
Event: 2.767 Thread 0x000001d789774540 DEOPT PACKING pc=0x000001d7956dd7d8 sp=0x00000073d01fe020
Event: 2.767 Thread 0x000001d789774540 DEOPT UNPACKING pc=0x000001d78dc220a3 sp=0x00000073d01fdf38 mode 2
Event: 2.767 Thread 0x000001d789774540 Uncommon trap: trap_request=0xffffffde fr.pc=0x000001d7956d2f00 relative=0x0000000000000520
Event: 2.767 Thread 0x000001d789774540 Uncommon trap: reason=class_check action=maybe_recompile pc=0x000001d7956d2f00 method=java.util.Collections$UnmodifiableCollection$1.<init>(Ljava/util/Collections$UnmodifiableCollection;)V @ 17 c2
Event: 2.767 Thread 0x000001d789774540 DEOPT PACKING pc=0x000001d7956d2f00 sp=0x00000073d01fdfe0
Event: 2.767 Thread 0x000001d789774540 DEOPT UNPACKING pc=0x000001d78dc220a3 sp=0x00000073d01fdf28 mode 2
Event: 2.767 Thread 0x000001d789774540 Uncommon trap: trap_request=0xffffff45 fr.pc=0x000001d7956db014 relative=0x0000000000000094
Event: 2.767 Thread 0x000001d789774540 Uncommon trap: reason=unstable_if action=reinterpret pc=0x000001d7956db014 method=java.util.HashMap.hash(Ljava/lang/Object;)I @ 1 c2
Event: 2.767 Thread 0x000001d789774540 DEOPT PACKING pc=0x000001d7956db014 sp=0x00000073d01fde90
Event: 2.767 Thread 0x000001d789774540 DEOPT UNPACKING pc=0x000001d78dc220a3 sp=0x00000073d01fde28 mode 2
Event: 3.501 Thread 0x000001d789774540 Uncommon trap: trap_request=0xffffff45 fr.pc=0x000001d7956d1004 relative=0x0000000000000c64
Event: 3.501 Thread 0x000001d789774540 Uncommon trap: reason=unstable_if action=reinterpret pc=0x000001d7956d1004 method=lombok.patcher.PatchScript.classMatches(Ljava/lang/String;Ljava/util/Collection;)Z @ 25 c2
Event: 3.501 Thread 0x000001d789774540 DEOPT PACKING pc=0x000001d7956d1004 sp=0x00000073d01f8170
Event: 3.501 Thread 0x000001d789774540 DEOPT UNPACKING pc=0x000001d78dc220a3 sp=0x00000073d01f80d8 mode 2
Event: 4.291 Thread 0x000001d789774540 Uncommon trap: trap_request=0xffffff45 fr.pc=0x000001d7956e2af8 relative=0x00000000000002b8
Event: 4.291 Thread 0x000001d789774540 Uncommon trap: reason=unstable_if action=reinterpret pc=0x000001d7956e2af8 method=java.lang.invoke.VarHandle.checkExactAccessMode(Ljava/lang/invoke/VarHandle$AccessDescriptor;)V @ 4 c2
Event: 4.291 Thread 0x000001d789774540 DEOPT PACKING pc=0x000001d7956e2af8 sp=0x00000073d01fdff0
Event: 4.291 Thread 0x000001d789774540 DEOPT UNPACKING pc=0x000001d78dc220a3 sp=0x00000073d01fdfc0 mode 2

Classes unloaded (0 events):
No events

Classes redefined (0 events):
No events

Internal exceptions (20 events):
Event: 1.899 Thread 0x000001d789774540 Exception <a 'java/io/FileNotFoundException'{0x00000000eb728ba0}> (0x00000000eb728ba0) 
thrown [e:\jenkins\tmp\workspace\build\src\src\hotspot\share\prims\jni.cpp, line 516]
Event: 1.900 Thread 0x000001d789774540 Exception <a 'java/io/FileNotFoundException'{0x00000000eb7298e8}> (0x00000000eb7298e8) 
thrown [e:\jenkins\tmp\workspace\build\src\src\hotspot\share\prims\jni.cpp, line 516]
Event: 1.900 Thread 0x000001d789774540 Exception <a 'java/io/FileNotFoundException'{0x00000000eb72a610}> (0x00000000eb72a610) 
thrown [e:\jenkins\tmp\workspace\build\src\src\hotspot\share\prims\jni.cpp, line 516]
Event: 1.901 Thread 0x000001d789774540 Exception <a 'java/io/FileNotFoundException'{0x00000000eb72b308}> (0x00000000eb72b308) 
thrown [e:\jenkins\tmp\workspace\build\src\src\hotspot\share\prims\jni.cpp, line 516]
Event: 1.973 Thread 0x000001d789774540 Exception <a 'java/io/FileNotFoundException'{0x00000000eb769b18}> (0x00000000eb769b18) 
thrown [e:\jenkins\tmp\workspace\build\src\src\hotspot\share\prims\jni.cpp, line 516]
Event: 2.638 Thread 0x000001d789774540 Exception <a 'java/lang/ClassNotFoundException'{0x00000000ebf5bc90}: sun/net/www/protocol/c/Handler> (0x00000000ebf5bc90) 
thrown [e:\jenkins\tmp\workspace\build\src\src\hotspot\share\classfile\systemDictionary.cpp, line 256]
Event: 2.638 Thread 0x000001d789774540 Exception <a 'java/lang/ClassNotFoundException'{0x00000000ebf5d0c0}: sun/net/www/protocol/c/Handler> (0x00000000ebf5d0c0) 
thrown [e:\jenkins\tmp\workspace\build\src\src\hotspot\share\classfile\systemDictionary.cpp, line 256]
Event: 2.639 Thread 0x000001d789774540 Exception <a 'java/lang/ClassNotFoundException'{0x00000000ebf5e3c8}: sun/net/www/protocol/c/Handler> (0x00000000ebf5e3c8) 
thrown [e:\jenkins\tmp\workspace\build\src\src\hotspot\share\classfile\systemDictionary.cpp, line 256]
Event: 2.657 Thread 0x000001d789774540 Exception <a 'java/io/FileNotFoundException'{0x00000000ebf7c9f0}> (0x00000000ebf7c9f0) 
thrown [e:\jenkins\tmp\workspace\build\src\src\hotspot\share\prims\jni.cpp, line 516]
Event: 2.767 Thread 0x000001d789774540 Implicit null exception at 0x000001d7956d9cdb to 0x000001d7956da60c
Event: 2.767 Thread 0x000001d789774540 Implicit null exception at 0x000001d7956e0f6c to 0x000001d7956e114c
Event: 2.767 Thread 0x000001d789774540 Implicit null exception at 0x000001d7956dd58c to 0x000001d7956dd7bc
Event: 2.767 Thread 0x000001d789774540 Implicit null exception at 0x000001d7956daf8f to 0x000001d7956db005
Event: 2.938 Thread 0x000001d789774540 Exception <a 'java/lang/NoSuchMethodError'{0x00000000ec248a38}: 'int java.lang.invoke.DirectMethodHandle$Holder.invokeStaticInit(java.lang.Object, java.lang.Object, java.lang.Object, java.lang.Object)'> (0x00000000ec248a38) 
thrown [e:\jenkins\tmp\workspace\build\src\src\hotspot\share\interpreter\linkResolver.cpp, line 766]
Event: 2.942 Thread 0x000001d789774540 Exception <a 'java/lang/NoSuchMethodError'{0x00000000ec2530a8}: 'java.lang.Object java.lang.invoke.DirectMethodHandle$Holder.invokeInterface(java.lang.Object, java.lang.Object)'> (0x00000000ec2530a8) 
thrown [e:\jenkins\tmp\workspace\build\src\src\hotspot\share\interpreter\linkResolver.cpp, line 766]
Event: 2.943 Thread 0x000001d789774540 Exception <a 'java/lang/IncompatibleClassChangeError'{0x00000000ec2568a0}: Found class java.lang.Object, but interface was expected> (0x00000000ec2568a0) 
thrown [e:\jenkins\tmp\workspace\build\src\src\hotspot\share\interpreter\linkResolver.cpp, line 833]
Event: 2.944 Thread 0x000001d789774540 Exception <a 'java/lang/NoSuchMethodError'{0x00000000ec25ad98}: 'void java.lang.invoke.DirectMethodHandle$Holder.invokeStatic(java.lang.Object, java.lang.Object)'> (0x00000000ec25ad98) 
thrown [e:\jenkins\tmp\workspace\build\src\src\hotspot\share\interpreter\linkResolver.cpp, line 766]
Event: 2.949 Thread 0x000001d789774540 Exception <a 'java/lang/NoSuchMethodError'{0x00000000ec25e598}: 'void java.lang.invoke.DirectMethodHandle$Holder.invokeStaticInit(java.lang.Object, java.lang.Object)'> (0x00000000ec25e598) 
thrown [e:\jenkins\tmp\workspace\build\src\src\hotspot\share\interpreter\linkResolver.cpp, line 766]
Event: 2.953 Thread 0x000001d789774540 Exception <a 'java/lang/NoSuchMethodError'{0x00000000ec2659f0}: 'int java.lang.invoke.DirectMethodHandle$Holder.invokeStaticInit(java.lang.Object, java.lang.Object)'> (0x00000000ec2659f0) 
thrown [e:\jenkins\tmp\workspace\build\src\src\hotspot\share\interpreter\linkResolver.cpp, line 766]
Event: 3.107 Thread 0x000001d789774540 Exception <a 'java/lang/NoSuchMethodError'{0x00000000ec386a18}: 'void java.lang.invoke.DirectMethodHandle$Holder.invokeSpecial(java.lang.Object, java.lang.Object, java.lang.Object)'> (0x00000000ec386a18) 
thrown [e:\jenkins\tmp\workspace\build\src\src\hotspot\share\interpreter\linkResolver.cpp, line 766]

VM Operations (16 events):
Event: 0.676 Executing VM operation: HandshakeAllThreads
Event: 0.677 Executing VM operation: HandshakeAllThreads done
Event: 0.937 Executing VM operation: HandshakeAllThreads
Event: 0.937 Executing VM operation: HandshakeAllThreads done
Event: 1.805 Executing VM operation: HandshakeAllThreads
Event: 1.805 Executing VM operation: HandshakeAllThreads done
Event: 1.805 Executing VM operation: Cleanup
Event: 1.805 Executing VM operation: Cleanup done
Event: 1.869 Executing VM operation: HandshakeAllThreads
Event: 1.869 Executing VM operation: HandshakeAllThreads done
Event: 2.598 Executing VM operation: HandshakeAllThreads
Event: 2.598 Executing VM operation: HandshakeAllThreads done
Event: 3.191 Executing VM operation: ParallelGCFailedAllocation
Event: 3.319 Executing VM operation: ParallelGCFailedAllocation done
Event: 4.321 Executing VM operation: Cleanup
Event: 4.322 Executing VM operation: Cleanup done

Events (20 events):
Event: 4.323 loading class java/util/concurrent/FutureTask
Event: 4.323 loading class java/util/concurrent/FutureTask done
Event: 4.323 loading class java/util/concurrent/ScheduledThreadPoolExecutor$ScheduledFutureTask done
Event: 4.324 loading class java/util/concurrent/FutureTask$WaitNode
Event: 4.324 loading class java/util/concurrent/FutureTask$WaitNode done
Event: 4.324 loading class java/util/concurrent/Executors$RunnableAdapter
Event: 4.324 loading class java/util/concurrent/Executors$RunnableAdapter done
Event: 4.324 loading class java/util/concurrent/ThreadPoolExecutor$Worker
Event: 4.324 loading class java/util/concurrent/ThreadPoolExecutor$Worker done
Event: 4.324 loading class java/lang/Thread$State
Event: 4.325 loading class java/lang/Thread$State done
Event: 4.325 Thread 0x000001d7a1982ff0 Thread added: 0x000001d7a1982ff0
Event: 4.327 loading class java/lang/ApplicationShutdownHooks
Event: 4.327 loading class java/lang/ApplicationShutdownHooks done
Event: 4.327 loading class java/lang/ApplicationShutdownHooks$1
Event: 4.328 loading class java/lang/ApplicationShutdownHooks$1 done
Event: 4.372 loading class java/util/regex/Pattern$BnM
Event: 4.372 loading class java/util/regex/Pattern$BnM done
Event: 4.372 loading class java/util/regex/Pattern$SliceS
Event: 4.372 loading class java/util/regex/Pattern$SliceS done


Dynamic libraries:
0x00007ff6507d0000 - 0x00007ff6507de000 	c:\Users\Usuario\.vscode\extensions\redhat.java-1.8.0-win32-x64\jre\17.0.3-win32-x86_64\bin\java.exe
0x00007ff9df470000 - 0x00007ff9df667000 	C:\WINDOWS\SYSTEM32\ntdll.dll
0x00007ff9dd840000 - 0x00007ff9dd8fd000 	C:\WINDOWS\System32\KERNEL32.DLL
0x00007ff9dcb90000 - 0x00007ff9dce5d000 	C:\WINDOWS\System32\KERNELBASE.dll
0x00007ff9da4a0000 - 0x00007ff9da530000 	C:\WINDOWS\SYSTEM32\apphelp.dll
0x00007ff9dcef0000 - 0x00007ff9dcff0000 	C:\WINDOWS\System32\ucrtbase.dll
0x00007ff9cfde0000 - 0x00007ff9cfdf8000 	c:\Users\Usuario\.vscode\extensions\redhat.java-1.8.0-win32-x64\jre\17.0.3-win32-x86_64\bin\jli.dll
0x00007ff9dd6a0000 - 0x00007ff9dd840000 	C:\WINDOWS\System32\USER32.dll
0x00007ff9dd0a0000 - 0x00007ff9dd0c2000 	C:\WINDOWS\System32\win32u.dll
0x00007ff9dd900000 - 0x00007ff9dd92a000 	C:\WINDOWS\System32\GDI32.dll
0x00007ff9dd100000 - 0x00007ff9dd20b000 	C:\WINDOWS\System32\gdi32full.dll
0x00007ff9dd210000 - 0x00007ff9dd2ad000 	C:\WINDOWS\System32\msvcp_win.dll
0x00007ff9ca480000 - 0x00007ff9ca499000 	c:\Users\Usuario\.vscode\extensions\redhat.java-1.8.0-win32-x64\jre\17.0.3-win32-x86_64\bin\VCRUNTIME140.dll
0x00007ff9cb140000 - 0x00007ff9cb3da000 	C:\WINDOWS\WinSxS\amd64_microsoft.windows.common-controls_6595b64144ccf1df_6.0.19041.1110_none_60b5254171f9507e\COMCTL32.dll
0x00007ff9dec40000 - 0x00007ff9decde000 	C:\WINDOWS\System32\msvcrt.dll
0x00007ff9de980000 - 0x00007ff9de9b0000 	C:\WINDOWS\System32\IMM32.DLL
0x00007ff9d8000000 - 0x00007ff9d800c000 	c:\Users\Usuario\.vscode\extensions\redhat.java-1.8.0-win32-x64\jre\17.0.3-win32-x86_64\bin\vcruntime140_1.dll
0x00007ff9ae800000 - 0x00007ff9ae891000 	c:\Users\Usuario\.vscode\extensions\redhat.java-1.8.0-win32-x64\jre\17.0.3-win32-x86_64\bin\msvcp140.dll
0x00007ff97b5b0000 - 0x00007ff97c1f8000 	c:\Users\Usuario\.vscode\extensions\redhat.java-1.8.0-win32-x64\jre\17.0.3-win32-x86_64\bin\server\jvm.dll
0x00007ff9de630000 - 0x00007ff9de6de000 	C:\WINDOWS\System32\ADVAPI32.dll
0x00007ff9de8e0000 - 0x00007ff9de97c000 	C:\WINDOWS\System32\sechost.dll
0x00007ff9df270000 - 0x00007ff9df395000 	C:\WINDOWS\System32\RPCRT4.dll
0x00007ff9df110000 - 0x00007ff9df118000 	C:\WINDOWS\System32\PSAPI.DLL
0x00007ff9d7390000 - 0x00007ff9d7399000 	C:\WINDOWS\SYSTEM32\WSOCK32.dll
0x00007ff9de6e0000 - 0x00007ff9de74b000 	C:\WINDOWS\System32\WS2_32.dll
0x00007ff9beec0000 - 0x00007ff9beee7000 	C:\WINDOWS\SYSTEM32\WINMM.dll
0x00007ff9cee00000 - 0x00007ff9cee0a000 	C:\WINDOWS\SYSTEM32\VERSION.dll
0x00007ff9da970000 - 0x00007ff9da982000 	C:\WINDOWS\SYSTEM32\kernel.appcore.dll
0x00007ff9d6af0000 - 0x00007ff9d6afa000 	c:\Users\Usuario\.vscode\extensions\redhat.java-1.8.0-win32-x64\jre\17.0.3-win32-x86_64\bin\jimage.dll
0x00007ff9c9620000 - 0x00007ff9c9804000 	C:\WINDOWS\SYSTEM32\DBGHELP.DLL
0x00007ff9c9580000 - 0x00007ff9c95ac000 	C:\WINDOWS\SYSTEM32\dbgcore.DLL
0x00007ff9dce60000 - 0x00007ff9dcee2000 	C:\WINDOWS\System32\bcryptPrimitives.dll
0x00007ff9d5070000 - 0x00007ff9d507e000 	c:\Users\Usuario\.vscode\extensions\redhat.java-1.8.0-win32-x64\jre\17.0.3-win32-x86_64\bin\instrument.dll
0x00007ff9bc100000 - 0x00007ff9bc125000 	c:\Users\Usuario\.vscode\extensions\redhat.java-1.8.0-win32-x64\jre\17.0.3-win32-x86_64\bin\java.dll
0x00007ff9c8e70000 - 0x00007ff9c8e88000 	c:\Users\Usuario\.vscode\extensions\redhat.java-1.8.0-win32-x64\jre\17.0.3-win32-x86_64\bin\zip.dll
0x00007ff9dd930000 - 0x00007ff9de074000 	C:\WINDOWS\System32\SHELL32.dll
0x00007ff9dac50000 - 0x00007ff9db3e4000 	C:\WINDOWS\SYSTEM32\windows.storage.dll
0x00007ff9ded00000 - 0x00007ff9df054000 	C:\WINDOWS\System32\combase.dll
0x00007ff9dc510000 - 0x00007ff9dc53c000 	C:\WINDOWS\SYSTEM32\Wldp.dll
0x00007ff9df060000 - 0x00007ff9df10d000 	C:\WINDOWS\System32\SHCORE.dll
0x00007ff9de880000 - 0x00007ff9de8d5000 	C:\WINDOWS\System32\shlwapi.dll
0x00007ff9dcad0000 - 0x00007ff9dcaef000 	C:\WINDOWS\SYSTEM32\profapi.dll
0x00007ff9c34f0000 - 0x00007ff9c3509000 	C:\Users\Usuario\.vscode\extensions\redhat.java-1.8.0-win32-x64\jre\17.0.3-win32-x86_64\bin\net.dll
0x00007ff9d4250000 - 0x00007ff9d435a000 	C:\WINDOWS\SYSTEM32\WINHTTP.dll
0x00007ff9dc2f0000 - 0x00007ff9dc35a000 	C:\WINDOWS\system32\mswsock.dll
0x00007ff9c1080000 - 0x00007ff9c1095000 	C:\Users\Usuario\.vscode\extensions\redhat.java-1.8.0-win32-x64\jre\17.0.3-win32-x86_64\bin\nio.dll
0x00007ff9d1b80000 - 0x00007ff9d1b90000 	c:\Users\Usuario\.vscode\extensions\redhat.java-1.8.0-win32-x64\jre\17.0.3-win32-x86_64\bin\verify.dll

dbghelp: loaded successfully - version: 4.0.5 - missing functions: none
symbol engine: initialized successfully - sym options: 0x614 - pdb path: .;c:\Users\Usuario\.vscode\extensions\redhat.java-1.8.0-win32-x64\jre\17.0.3-win32-x86_64\bin;C:\WINDOWS\SYSTEM32;C:\WINDOWS\WinSxS\amd64_microsoft.windows.common-controls_6595b64144ccf1df_6.0.19041.1110_none_60b5254171f9507e;c:\Users\Usuario\.vscode\extensions\redhat.java-1.8.0-win32-x64\jre\17.0.3-win32-x86_64\bin\server

VM Arguments:
jvm_args: --add-modules=ALL-SYSTEM --add-opens=java.base/java.util=ALL-UNNAMED --add-opens=java.base/java.lang=ALL-UNNAMED --add-opens=java.base/sun.nio.fs=ALL-UNNAMED -Declipse.application=org.eclipse.jdt.ls.core.id1 -Dosgi.bundles.defaultStartLevel=4 -Declipse.product=org.eclipse.jdt.ls.core.product -Djava.import.generatesMetadataFilesAtProjectRoot=false -Dfile.encoding=utf8 -DwatchParentProcess=false -XX:+UseParallelGC -XX:GCTimeRatio=4 -XX:AdaptiveSizePolicyWeight=90 -Dsun.zip.disableMemoryMapping=true -Xmx1G -Xms100m -javaagent:C:\Users\Usuario\.m2\repository\org\projectlombok\lombok\1.18.24\lombok-1.18.24.jar 
java_command: c:\Users\Usuario\.vscode\extensions\redhat.java-1.8.0-win32-x64\server\plugins\org.eclipse.equinox.launcher_1.6.400.v20210924-0641.jar -configuration c:\Users\Usuario\AppData\Roaming\Code\User\globalStorage\redhat.java\1.8.0\config_ss_win -data c:\Users\Usuario\AppData\Roaming\Code\User\workspaceStorage\108a0bc668e69c4eb26eeac820f5b77e\redhat.java\ss_ws
java_class_path (initial): c:\Users\Usuario\.vscode\extensions\redhat.java-1.8.0-win32-x64\server\plugins\org.eclipse.equinox.launcher_1.6.400.v20210924-0641.jar
Launcher Type: SUN_STANDARD

[Global flags]
    uintx AdaptiveSizePolicyWeight                 = 90                                        {product} {command line}
     intx CICompilerCount                          = 3                                         {product} {ergonomic}
    uintx GCTimeRatio                              = 4                                         {product} {command line}
   size_t InitialHeapSize                          = 104857600                                 {product} {command line}
   size_t MaxHeapSize                              = 1073741824                                {product} {command line}
   size_t MaxNewSize                               = 357564416                                 {product} {ergonomic}
   size_t MinHeapDeltaBytes                        = 524288                                    {product} {ergonomic}
   size_t MinHeapSize                              = 104857600                                 {product} {command line}
   size_t NewSize                                  = 34603008                                  {product} {ergonomic}
    uintx NonNMethodCodeHeapSize                   = 5832780                                {pd product} {ergonomic}
    uintx NonProfiledCodeHeapSize                  = 122912730                              {pd product} {ergonomic}
   size_t OldSize                                  = 70254592                                  {product} {ergonomic}
    uintx ProfiledCodeHeapSize                     = 122912730                              {pd product} {ergonomic}
    uintx ReservedCodeCacheSize                    = 251658240                              {pd product} {ergonomic}
     bool SegmentedCodeCache                       = true                                      {product} {ergonomic}
   size_t SoftMaxHeapSize                          = 1073741824                             {manageable} {ergonomic}
     bool UseCompressedClassPointers               = true                           {product lp64_product} {ergonomic}
     bool UseCompressedOops                        = true                           {product lp64_product} {ergonomic}
     bool UseLargePagesIndividualAllocation        = false                                  {pd product} {ergonomic}
     bool UseParallelGC                            = true                                      {product} {command line}

Logging:
Log output configuration:
 #0: stdout all=warning uptime,level,tags
 #1: stderr all=off uptime,level,tags

Environment Variables:
JAVA_HOME=C:\Program Files\Java\jdk-11.0.12
PATH=C:\Gradle\gradle-7.3.3\bin;C:\Users\Usuario\AppData\Local\Android\Sdk\tools;C:\Users\Usuario\AppData\Local\Android\Sdk\platform-tools;C:\Program Files\Docker\Docker\resources\bin;C:\ProgramData\DockerDesktop\version-bin;C:\Program Files\nodejs\;C:\ProgramData\chocolatey\bin;C:\WINDOWS\system32;C:\Windows\System32\WindowsPowerShell\v1.0;C:\HashiCorp\Vagrant\bin;C:\Program Files\Oracle\VirtualBox;C:\Program Files\Java\jdk-11.0.12\bin;C:\Program Files\Amazon\AWSCLIV2\;C:\Terraform\;C:\Program Files (x86)\Yarn\bin\;C:\WINDOWS\System32\OpenSSH\;C:\Program Files\Git\cmd;C:\Users\Usuario\AppData\Local\Programs\Python\Python39\Scripts\;C:\Users\Usuario\AppData\Local\Programs\Python\Python39\;C:\Users\Usuario\AppData\Local\Microsoft\WindowsApps;C:\Users\Usuario\AppData\Local\Programs\Microsoft VS Code\bin;C:\Users\Usuario\AppData\Roaming\npm;C:\HashiCorp\Vagrant\bin;C:\Users\Usuario\AppData\Local\Yarn\bin
USERNAME=Usuario
OS=Windows_NT
PROCESSOR_IDENTIFIER=Intel64 Family 6 Model 60 Stepping 3, GenuineIntel



---------------  S Y S T E M  ---------------

OS:
 Windows 10 , 64 bit Build 19041 (10.0.19041.1741)
OS uptime: 4 days 22:57 hours
Hyper-V role detected

CPU: total 4 (initial active 4) (2 cores per cpu, 2 threads per core) family 6 model 60 stepping 3 microcode 0x27, cx8, cmov, fxsr, ht, mmx, sse, sse2, sse3, ssse3, sse4.1, sse4.2, popcnt, lzcnt, tsc, tscinvbit, avx, avx2, aes, erms, clmul, bmi1, bmi2, fma, vzeroupper, clflush, hv

Memory: 4k page, system-wide physical 12196M (4810M free)
TotalPageFile size 15268M (AvailPageFile size 9M)
current process WorkingSet (physical memory assigned to process): 82M, peak: 82M
current process commit charge ("private bytes"): 190M, peak: 190M

vm_info: OpenJDK 64-Bit Server VM (17.0.3+7) for windows-amd64 JRE (17.0.3+7), built on Apr 19 2022 16:55:35 by "" with MS VC++ 16.7 (VS2019)

END.
